Using pre-set license
Built from '2021.2/staging' branch; Version is '2021.2.10f1 (ee872746220e) revision 15632167'; Using compiler version '192829333'; Build Type 'Release'
OS: 'Windows 10  (10.0.19044) 64bit Enterprise' Language: 'en' Physical Memory: 32440 MB
BatchMode: 1, IsHumanControllingUs: 0, StartBugReporterOnCrash: 0, Is64bit: 1, IsPro: 0

COMMAND LINE ARGUMENTS:
C:\Program Files\Unity\Hub\Editor\2021.2.10f1\Editor\Unity.exe
-adb2
-batchMode
-noUpm
-name
AssetImportWorker1
-projectPath
C:/Users/sarakau/Desktop/saran jutut/Toad_boat
-logFile
Logs/AssetImportWorker1.log
-srvPort
64848
Successfully changed project path to: C:/Users/sarakau/Desktop/saran jutut/Toad_boat
C:/Users/sarakau/Desktop/saran jutut/Toad_boat
[UnityMemory] Configuration Parameters - Can be set up in boot.config
    "memorysetup-bucket-allocator-granularity=16"
    "memorysetup-bucket-allocator-bucket-count=8"
    "memorysetup-bucket-allocator-block-size=33554432"
    "memorysetup-bucket-allocator-block-count=8"
    "memorysetup-main-allocator-block-size=16777216"
    "memorysetup-thread-allocator-block-size=16777216"
    "memorysetup-gfx-main-allocator-block-size=16777216"
    "memorysetup-gfx-thread-allocator-block-size=16777216"
    "memorysetup-cache-allocator-block-size=4194304"
    "memorysetup-typetree-allocator-block-size=2097152"
    "memorysetup-profiler-bucket-allocator-granularity=16"
    "memorysetup-profiler-bucket-allocator-bucket-count=8"
    "memorysetup-profiler-bucket-allocator-block-size=33554432"
    "memorysetup-profiler-bucket-allocator-block-count=8"
    "memorysetup-profiler-allocator-block-size=16777216"
    "memorysetup-profiler-editor-allocator-block-size=1048576"
    "memorysetup-temp-allocator-size-main=16777216"
    "memorysetup-job-temp-allocator-block-size=2097152"
    "memorysetup-job-temp-allocator-block-size-background=1048576"
    "memorysetup-job-temp-allocator-reduction-small-platforms=262144"
    "memorysetup-temp-allocator-size-background-worker=32768"
    "memorysetup-temp-allocator-size-job-worker=262144"
    "memorysetup-temp-allocator-size-preload-manager=33554432"
    "memorysetup-temp-allocator-size-nav-mesh-worker=65536"
    "memorysetup-temp-allocator-size-audio-worker=65536"
    "memorysetup-temp-allocator-size-cloud-worker=32768"
    "memorysetup-temp-allocator-size-gi-baking-worker=262144"
    "memorysetup-temp-allocator-size-gfx=262144"
Refreshing native plugins compatible for Editor in 168.40 ms, found 13 plugins.
Preloading 1 native plugins for Editor in 3.15 ms.
Initialize engine version: 2021.2.10f1 (ee872746220e)
[Subsystems] Discovering subsystems at path C:/Program Files/Unity/Hub/Editor/2021.2.10f1/Editor/Data/Resources/UnitySubsystems
[Subsystems] Discovering subsystems at path C:/Users/sarakau/Desktop/saran jutut/Toad_boat/Assets
GfxDevice: creating device client; threaded=0; jobified=0
Direct3D:
    Version:  Direct3D 11.0 [level 11.1]
    Renderer: NVIDIA Quadro P5000 (ID=0x1bb0)
    Vendor:   NVIDIA
    VRAM:     16255 MB
    Driver:   30.0.14.7141
Initialize mono
Mono path[0] = 'C:/Program Files/Unity/Hub/Editor/2021.2.10f1/Editor/Data/Managed'
Mono path[1] = 'C:/Program Files/Unity/Hub/Editor/2021.2.10f1/Editor/Data/MonoBleedingEdge/lib/mono/unityjit-win32'
Mono config path = 'C:/Program Files/Unity/Hub/Editor/2021.2.10f1/Editor/Data/MonoBleedingEdge/etc'
Using monoOptions --debugger-agent=transport=dt_socket,embedding=1,server=y,suspend=n,address=127.0.0.1:56892
Begin MonoManager ReloadAssembly
Registering precompiled unity dll's ...
Register platform support module: C:/Program Files/Unity/Hub/Editor/2021.2.10f1/Editor/Data/PlaybackEngines/WindowsStandaloneSupport/UnityEditor.WindowsStandalone.Extensions.dll
Registered in 0.008622 seconds.
Native extension for WindowsStandalone target not found
Refreshing native plugins compatible for Editor in 152.68 ms, found 13 plugins.
Preloading 1 native plugins for Editor in 0.12 ms.
Mono: successfully reloaded assembly
- Completed reload, in  0.732 seconds
Domain Reload Profiling:
	ReloadAssembly (733ms)
		BeginReloadAssembly (103ms)
			ExecutionOrderSort (0ms)
			DisableScriptedObjects (0ms)
			BackupInstance (0ms)
			ReleaseScriptingObjects (0ms)
			CreateAndSetChildDomain (1ms)
		EndReloadAssembly (542ms)
			LoadAssemblies (100ms)
			RebuildTransferFunctionScriptingTraits (0ms)
			SetupTypeCache (103ms)
			ReleaseScriptCaches (0ms)
			RebuildScriptCaches (29ms)
			SetupLoadedEditorAssemblies (355ms)
				LogAssemblyErrors (0ms)
				InitializePlatformSupportModulesInManaged (15ms)
				SetLoadedEditorAssemblies (0ms)
				RefreshPlugins (153ms)
				BeforeProcessingInitializeOnLoad (1ms)
				ProcessInitializeOnLoadAttributes (135ms)
				ProcessInitializeOnLoadMethodAttributes (50ms)
				AfterProcessingInitializeOnLoad (0ms)
				EditorAssembliesLoaded (0ms)
			ExecutionOrderSort2 (0ms)
			AwakeInstancesAfterBackupRestoration (0ms)
Platform modules already initialized, skipping
Registering precompiled user dll's ...
Registered in 0.013810 seconds.
Begin MonoManager ReloadAssembly
Symbol file LoadedFromMemory doesn't match image C:\Users\sarakau\Desktop\saran jutut\Toad_boat\Library\PackageCache\com.unity.visualscripting@1.7.6\Editor\VisualScripting.Core\Dependencies\DotNetZip\Unity.VisualScripting.IonicZip.dll
Symbol file LoadedFromMemory doesn't match image C:\Users\sarakau\Desktop\saran jutut\Toad_boat\Library\PackageCache\com.unity.visualscripting@1.7.6\Editor\VisualScripting.Core\Dependencies\YamlDotNet\Unity.VisualScripting.YamlDotNet.dll
Native extension for WindowsStandalone target not found
Refreshing native plugins compatible for Editor in 152.68 ms, found 13 plugins.
Preloading 1 native plugins for Editor in 0.08 ms.
Package Manager log level set to [2]
System.Reflection.TargetInvocationException: Exception has been thrown by the target of an invocation. ---> System.NullReferenceException: Object reference not set to an instance of an object
  at Unity.XR.Oculus.OculusLoader.AssetPathToAbsolutePath (System.String assetPath) [0x00040] in C:\Users\sarakau\Desktop\saran jutut\Toad_boat\Library\PackageCache\com.unity.xr.oculus@1.11.2\Runtime\OculusLoader.cs:250 
  at Unity.XR.Oculus.OculusLoader.EditorLoadOVRPlugin () [0x0007b] in C:\Users\sarakau\Desktop\saran jutut\Toad_boat\Library\PackageCache\com.unity.xr.oculus@1.11.2\Runtime\OculusLoader.cs:235 
  at (wrapper managed-to-native) System.Reflection.RuntimeMethodInfo.InternalInvoke(System.Reflection.RuntimeMethodInfo,object,object[],System.Exception&)
  at System.Reflection.RuntimeMethodInfo.Invoke (System.Object obj, System.Reflection.BindingFlags invokeAttr, System.Reflection.Binder binder, System.Object[] parameters, System.Globalization.CultureInfo culture) [0x0006a] in <7b935204f5ff4bcab44b3b0ebca330bf>:0 
   --- End of inner exception stack trace ---
  at System.Reflection.RuntimeMethodInfo.Invoke (System.Object obj, System.Reflection.BindingFlags invokeAttr, System.Reflection.Binder binder, System.Object[] parameters, System.Globalization.CultureInfo culture) [0x00083] in <7b935204f5ff4bcab44b3b0ebca330bf>:0 
  at System.Reflection.MethodBase.Invoke (System.Object obj, System.Object[] parameters) [0x00000] in <7b935204f5ff4bcab44b3b0ebca330bf>:0 
  at UnityEditor.EditorAssemblies.ProcessInitializeOnLoadMethodAttributes () [0x000a5] in <ac4382394009481fa61779d0ab47a96f>:0 
UnityEngine.StackTraceUtility:ExtractStackTrace ()
UnityEngine.DebugLogHandler:LogFormat (UnityEngine.LogType,UnityEngine.Object,string,object[])
UnityEngine.Logger:Log (UnityEngine.LogType,object)
UnityEngine.Debug:LogError (object)
UnityEditor.EditorAssemblies:ProcessInitializeOnLoadMethodAttributes ()

Mono: successfully reloaded assembly
- Completed reload, in  2.555 seconds
Domain Reload Profiling:
	ReloadAssembly (2556ms)
		BeginReloadAssembly (110ms)
			ExecutionOrderSort (0ms)
			DisableScriptedObjects (5ms)
			BackupInstance (0ms)
			ReleaseScriptingObjects (0ms)
			CreateAndSetChildDomain (22ms)
		EndReloadAssembly (2353ms)
			LoadAssemblies (101ms)
			RebuildTransferFunctionScriptingTraits (0ms)
			SetupTypeCache (343ms)
			ReleaseScriptCaches (1ms)
			RebuildScriptCaches (87ms)
			SetupLoadedEditorAssemblies (1777ms)
				LogAssemblyErrors (0ms)
				InitializePlatformSupportModulesInManaged (11ms)
				SetLoadedEditorAssemblies (0ms)
				RefreshPlugins (153ms)
				BeforeProcessingInitializeOnLoad (159ms)
				ProcessInitializeOnLoadAttributes (1350ms)
				ProcessInitializeOnLoadMethodAttributes (96ms)
				AfterProcessingInitializeOnLoad (8ms)
				EditorAssembliesLoaded (0ms)
			ExecutionOrderSort2 (0ms)
			AwakeInstancesAfterBackupRestoration (6ms)
Platform modules already initialized, skipping
========================================================================
Worker process is ready to serve import requests
Launched and connected shader compiler UnityShaderCompiler.exe after 0.05 seconds
Refreshing native plugins compatible for Editor in 2.10 ms, found 13 plugins.
Preloading 1 native plugins for Editor in 0.09 ms.
Unloading 7061 Unused Serialized files (Serialized files now loaded: 0)
Unloading 281 unused Assets / (2.0 MB). Loaded Objects now: 7496.
Memory consumption went from 303.7 MB to 301.7 MB.
Total: 10.838100 ms (FindLiveObjects: 1.035000 ms CreateObjectMapping: 1.067800 ms MarkObjects: 7.288500 ms  DeleteObjects: 1.445000 ms)

AssetImportParameters requested are different than current active one (requested -> active):
  custom:video-decoder-ogg-theora: a1e56fd34408186e4bbccfd4996cb3dc -> 
  custom:container-muxer-webm: aa71ff27fc2769a1b78a27578f13a17b -> 
  custom:container-demuxer-webm: 4f35f7cbe854078d1ac9338744f61a02 -> 
  custom:video-encoder-webm-vp8: eb34c28f22e8b96e1ab97ce403110664 -> 
  custom:audio-encoder-webm-vorbis: bf7c407c2cedff20999df2af8eb42d56 -> 
  custom:framework-win-MediaFoundation: 216162199b28c13a410421893ffa2e32 -> 
  custom:container-demuxer-ogg: 62fdf1f143b41e24485cea50d1cbac27 -> 
  custom:video-decoder-webm-vp8: 9c59270c3fd7afecdb556c50c9e8de78 -> 
  custom:audio-decoder-ogg-vorbis: bf7c407c2cedff20999df2af8eb42d56 -> 
========================================================================
Received Import Request.
  Time since last request: 2655.942885 seconds.
  path: Assets/SaranKeittiö
  artifactKey: Guid(6577654e75f8fb646b8e815b3d1b80af) Importer(815301076,1909f56bfc062723c751e8b465ee728b)
Start importing Assets/SaranKeittiö using Guid(6577654e75f8fb646b8e815b3d1b80af) Importer(815301076,1909f56bfc062723c751e8b465ee728b)  -> (artifact id: '53624d2e0fb0670894622d6bf6935326') in 0.019074 seconds 
========================================================================
Received Import Request.
  Time since last request: 21.361254 seconds.
  path: Assets/SaranKeittiö/keittiöKaappiOvi.fbx
  artifactKey: Guid(bfd4e57fd0b56584ebe1d53b9b43d790) Importer(815301076,1909f56bfc062723c751e8b465ee728b)
Start importing Assets/SaranKeittiö/keittiöKaappiOvi.fbx using Guid(bfd4e57fd0b56584ebe1d53b9b43d790) Importer(815301076,1909f56bfc062723c751e8b465ee728b)  -> (artifact id: '39fb9827c43b0b047009fecdeabeec80') in 0.311613 seconds 
========================================================================
Received Import Request.
  Time since last request: 0.000032 seconds.
  path: Assets/SaranKeittiö/keittiötasoTyhjä.fbx
  artifactKey: Guid(bffba85c99ab69f47b4393384f37aff6) Importer(815301076,1909f56bfc062723c751e8b465ee728b)
Start importing Assets/SaranKeittiö/keittiötasoTyhjä.fbx using Guid(bffba85c99ab69f47b4393384f37aff6) Importer(815301076,1909f56bfc062723c751e8b465ee728b)  -> (artifact id: 'd1f08b4e2037b1f354e28bf61b4d7ede') in 0.031604 seconds 
========================================================================
Received Import Request.
  Time since last request: 0.000039 seconds.
  path: Assets/SaranKeittiö/keittiötasoOviAuki.fbx
  artifactKey: Guid(c7275f3e3cf71484ca897627531a026a) Importer(815301076,1909f56bfc062723c751e8b465ee728b)
Start importing Assets/SaranKeittiö/keittiötasoOviAuki.fbx using Guid(c7275f3e3cf71484ca897627531a026a) Importer(815301076,1909f56bfc062723c751e8b465ee728b)  -> (artifact id: '53dadbf32042762dc94222d44266bce4') in 0.032403 seconds 
========================================================================
Received Import Request.
  Time since last request: 1356.507115 seconds.
  path: Assets/Assets/Annika/Rooms & Assets/Sam1sRoom/ShadeSmooth/Barrel.fbx
  artifactKey: Guid(6eadc8e4d5adc584280cb162812c029f) Importer(815301076,1909f56bfc062723c751e8b465ee728b)
Start importing Assets/Assets/Annika/Rooms & Assets/Sam1sRoom/ShadeSmooth/Barrel.fbx using Guid(6eadc8e4d5adc584280cb162812c029f) Importer(815301076,1909f56bfc062723c751e8b465ee728b)  -> (artifact id: '3be95ea39c52b9d0e9764c548e14d3fb') in 0.031148 seconds 
========================================================================
Received Import Request.
  Time since last request: 0.000034 seconds.
  path: Assets/Assets/Annika/Rooms & Assets/Kasvihuone/Kasvatusalusta.fbx
  artifactKey: Guid(dd88a6c4d321ad542b125e3bc4646c14) Importer(815301076,1909f56bfc062723c751e8b465ee728b)
Start importing Assets/Assets/Annika/Rooms & Assets/Kasvihuone/Kasvatusalusta.fbx using Guid(dd88a6c4d321ad542b125e3bc4646c14) Importer(815301076,1909f56bfc062723c751e8b465ee728b)  -> (artifact id: 'd0d114efe0ddb421f641c0654c9e2466') in 0.137747 seconds 
========================================================================
Received Import Request.
  Time since last request: 0.000032 seconds.
  path: Assets/Assets/Jassun assetteja/Lowpoly_Wasteland_Props/Meshes/Brick_2.FBX
  artifactKey: Guid(52d236991fac2dd4fba4c792867bc904) Importer(815301076,1909f56bfc062723c751e8b465ee728b)
Start importing Assets/Assets/Jassun assetteja/Lowpoly_Wasteland_Props/Meshes/Brick_2.FBX using Guid(52d236991fac2dd4fba4c792867bc904) Importer(815301076,1909f56bfc062723c751e8b465ee728b)  -> (artifact id: 'a112f4b22b2f557381a252a9b83a5d35') in 0.035500 seconds 
========================================================================
Received Import Request.
  Time since last request: 0.000036 seconds.
  path: Assets/Assets/Annika/Rooms & Assets/Sam1sRoom/ShadeSmooth/BedShadeSmooth.fbx
  artifactKey: Guid(ed1868566a7709245ada99a64c0b5bdb) Importer(815301076,1909f56bfc062723c751e8b465ee728b)
Start importing Assets/Assets/Annika/Rooms & Assets/Sam1sRoom/ShadeSmooth/BedShadeSmooth.fbx using Guid(ed1868566a7709245ada99a64c0b5bdb) Importer(815301076,1909f56bfc062723c751e8b465ee728b)  -> (artifact id: '0c155d7eabad620b32dab28e136e1e30') in 0.093963 seconds 
========================================================================
Received Import Request.
  Time since last request: 0.000026 seconds.
  path: Assets/Assets/Annika/Rooms & Assets/Sam1sRoom/ShadeSmooth/ClockShadeSmooth.fbx
  artifactKey: Guid(abd35cf172ca910478b496818a7e18af) Importer(815301076,1909f56bfc062723c751e8b465ee728b)
Start importing Assets/Assets/Annika/Rooms & Assets/Sam1sRoom/ShadeSmooth/ClockShadeSmooth.fbx using Guid(abd35cf172ca910478b496818a7e18af) Importer(815301076,1909f56bfc062723c751e8b465ee728b)  -> (artifact id: 'e3aa012aea2970e9ceb734d1eea08c0d') in 0.069266 seconds 
========================================================================
Received Import Request.
  Time since last request: 0.000036 seconds.
  path: Assets/Assets/Annika/Rooms & Assets/Sam1sRoom/Dresser.fbx
  artifactKey: Guid(bf98b870811cca24180d49d94d5e00c2) Importer(815301076,1909f56bfc062723c751e8b465ee728b)
Start importing Assets/Assets/Annika/Rooms & Assets/Sam1sRoom/Dresser.fbx using Guid(bf98b870811cca24180d49d94d5e00c2) Importer(815301076,1909f56bfc062723c751e8b465ee728b)  -> (artifact id: '98fe920fef02e0edfaf2aefc108f4b6a') in 0.188880 seconds 
========================================================================
Received Import Request.
  Time since last request: 0.000029 seconds.
  path: Assets/Assets/Jassun assetteja/Lowpoly_Wasteland_Props/Meshes/Box_1.FBX
  artifactKey: Guid(61802d6643eb27f4db2ef73433eb2404) Importer(815301076,1909f56bfc062723c751e8b465ee728b)
Start importing Assets/Assets/Jassun assetteja/Lowpoly_Wasteland_Props/Meshes/Box_1.FBX using Guid(61802d6643eb27f4db2ef73433eb2404) Importer(815301076,1909f56bfc062723c751e8b465ee728b)  -> (artifact id: 'fce53f26b567d34795a6ed3a0269ca27') in 0.039102 seconds 
========================================================================
Received Import Request.
  Time since last request: 0.000038 seconds.
  path: Assets/Assets/Jassun assetteja/Lowpoly_Wasteland_Props/Meshes/Brick_1.FBX
  artifactKey: Guid(df335cf11d53d3544be0a29ed0130c7e) Importer(815301076,1909f56bfc062723c751e8b465ee728b)
Start importing Assets/Assets/Jassun assetteja/Lowpoly_Wasteland_Props/Meshes/Brick_1.FBX using Guid(df335cf11d53d3544be0a29ed0130c7e) Importer(815301076,1909f56bfc062723c751e8b465ee728b)  -> (artifact id: 'ad95d040fcb6497c425e04dcd219e359') in 0.023800 seconds 
========================================================================
Received Import Request.
  Time since last request: 0.000029 seconds.
  path: Assets/Assets/Annika/Rooms & Assets/Sam1sRoom/ShadeSmooth/DresserShadeSmooth.fbx
  artifactKey: Guid(89146b4c0e8c67946b41f9b4d1372e84) Importer(815301076,1909f56bfc062723c751e8b465ee728b)
Start importing Assets/Assets/Annika/Rooms & Assets/Sam1sRoom/ShadeSmooth/DresserShadeSmooth.fbx using Guid(89146b4c0e8c67946b41f9b4d1372e84) Importer(815301076,1909f56bfc062723c751e8b465ee728b)  -> (artifact id: 'ae7c46f027e9973a3131bb5ad9790a60') in 0.192984 seconds 
========================================================================
Received Import Request.
  Time since last request: 0.000031 seconds.
  path: Assets/Assets/Annika/Rooms & Assets/Sam1sRoom/Bed.fbx
  artifactKey: Guid(88ea5c4307c232e428f62809eef0603a) Importer(815301076,1909f56bfc062723c751e8b465ee728b)
Start importing Assets/Assets/Annika/Rooms & Assets/Sam1sRoom/Bed.fbx using Guid(88ea5c4307c232e428f62809eef0603a) Importer(815301076,1909f56bfc062723c751e8b465ee728b)  -> (artifact id: '4fb88d01a3128d5c7eccdbdcc014e99c') in 0.093261 seconds 
========================================================================
Received Import Request.
  Time since last request: 85.029002 seconds.
  path: Assets/Assets/Veera/Models/motor.FBX
  artifactKey: Guid(10db8d991ffa7014686d462ae4d44f88) Importer(815301076,1909f56bfc062723c751e8b465ee728b)
Start importing Assets/Assets/Veera/Models/motor.FBX using Guid(10db8d991ffa7014686d462ae4d44f88) Importer(815301076,1909f56bfc062723c751e8b465ee728b)  -> (artifact id: 'f936812dce43a11f1bd696b7dde21bdf') in 0.031684 seconds 
========================================================================
Received Import Request.
  Time since last request: 2.287193 seconds.
  path: Assets/Assets/Veera/Pipes/Pipe_Extra/PipeExtras02.fbx
  artifactKey: Guid(40c686efc17cc69448c5b4445264e828) Importer(815301076,1909f56bfc062723c751e8b465ee728b)
Start importing Assets/Assets/Veera/Pipes/Pipe_Extra/PipeExtras02.fbx using Guid(40c686efc17cc69448c5b4445264e828) Importer(815301076,1909f56bfc062723c751e8b465ee728b)  -> (artifact id: 'f8524b4a8a28f091fc44f8808bffa620') in 0.028669 seconds 
========================================================================
Received Import Request.
  Time since last request: 0.000036 seconds.
  path: Assets/Assets/Veera/Pipes/Pipe_Extra/PipeExtras29.fbx
  artifactKey: Guid(06a640d30e5bbd94fb8edf1b17b1395c) Importer(815301076,1909f56bfc062723c751e8b465ee728b)
Start importing Assets/Assets/Veera/Pipes/Pipe_Extra/PipeExtras29.fbx using Guid(06a640d30e5bbd94fb8edf1b17b1395c) Importer(815301076,1909f56bfc062723c751e8b465ee728b)  -> (artifact id: 'd0c7cbf82d07fa786dffb4872b5fa278') in 0.026103 seconds 
========================================================================
Received Import Request.
  Time since last request: 0.000026 seconds.
  path: Assets/Assets/Veera/Pipes/Pipe_Extra/PipeExtras30.fbx
  artifactKey: Guid(d554c4ce07f144e42a58b157a05076fa) Importer(815301076,1909f56bfc062723c751e8b465ee728b)
Start importing Assets/Assets/Veera/Pipes/Pipe_Extra/PipeExtras30.fbx using Guid(d554c4ce07f144e42a58b157a05076fa) Importer(815301076,1909f56bfc062723c751e8b465ee728b)  -> (artifact id: 'bd8ce01dded466c0ba373386a8532e9f') in 0.026616 seconds 
========================================================================
Received Import Request.
  Time since last request: 0.000029 seconds.
  path: Assets/Assets/Veera/Pipes/Pipe_Extra/PipeExtras31.fbx
  artifactKey: Guid(7f3061818f06b52488c30c9c911a0e6b) Importer(815301076,1909f56bfc062723c751e8b465ee728b)
Start importing Assets/Assets/Veera/Pipes/Pipe_Extra/PipeExtras31.fbx using Guid(7f3061818f06b52488c30c9c911a0e6b) Importer(815301076,1909f56bfc062723c751e8b465ee728b)  -> (artifact id: 'e8c2a5a2cdd0916e7f4d8a324e7df067') in 0.026951 seconds 
========================================================================
Received Import Request.
  Time since last request: 0.000032 seconds.
  path: Assets/Assets/Veera/Pipes/Pipe_Extra/PipeExtras39.fbx
  artifactKey: Guid(c603306c1ab866f4fab82eb997e9aef0) Importer(815301076,1909f56bfc062723c751e8b465ee728b)
Start importing Assets/Assets/Veera/Pipes/Pipe_Extra/PipeExtras39.fbx using Guid(c603306c1ab866f4fab82eb997e9aef0) Importer(815301076,1909f56bfc062723c751e8b465ee728b)  -> (artifact id: '75f627e4f8cf34f30c689f9b451d02b8') in 0.028897 seconds 
========================================================================
Received Import Request.
  Time since last request: 0.000034 seconds.
  path: Assets/Assets/Veera/Pipes/Pipe_Extra/PipeExtras04.fbx
  artifactKey: Guid(fd979be2d9e706547be8149d50d67ebe) Importer(815301076,1909f56bfc062723c751e8b465ee728b)
Start importing Assets/Assets/Veera/Pipes/Pipe_Extra/PipeExtras04.fbx using Guid(fd979be2d9e706547be8149d50d67ebe) Importer(815301076,1909f56bfc062723c751e8b465ee728b)  -> (artifact id: 'ecacdd0cd66765701254a6927ca832b1') in 0.024929 seconds 
========================================================================
Received Import Request.
  Time since last request: 0.000027 seconds.
  path: Assets/Assets/Veera/Pipes/Pipe_Extra/PipeExtras17.fbx
  artifactKey: Guid(df26ce9493e2184449e514fc2ba92467) Importer(815301076,1909f56bfc062723c751e8b465ee728b)
Start importing Assets/Assets/Veera/Pipes/Pipe_Extra/PipeExtras17.fbx using Guid(df26ce9493e2184449e514fc2ba92467) Importer(815301076,1909f56bfc062723c751e8b465ee728b)  -> (artifact id: 'd031609a4170dea19af8a88987977148') in 0.023521 seconds 
========================================================================
Received Import Request.
  Time since last request: 0.000027 seconds.
  path: Assets/Assets/Veera/Pipes/Pipe_Extra/PipeExtras05.fbx
  artifactKey: Guid(3e9b30150cd4815488262f9906aedb14) Importer(815301076,1909f56bfc062723c751e8b465ee728b)
Start importing Assets/Assets/Veera/Pipes/Pipe_Extra/PipeExtras05.fbx using Guid(3e9b30150cd4815488262f9906aedb14) Importer(815301076,1909f56bfc062723c751e8b465ee728b)  -> (artifact id: '1b094a5d2225b208723e8cb8958197d9') in 0.029602 seconds 
========================================================================
Received Import Request.
  Time since last request: 0.000035 seconds.
  path: Assets/Assets/Veera/Pipes/Pipe_Extra/PipeExtras25.fbx
  artifactKey: Guid(07edea5c261360041a99a7be64b10d35) Importer(815301076,1909f56bfc062723c751e8b465ee728b)
Start importing Assets/Assets/Veera/Pipes/Pipe_Extra/PipeExtras25.fbx using Guid(07edea5c261360041a99a7be64b10d35) Importer(815301076,1909f56bfc062723c751e8b465ee728b)  -> (artifact id: 'd06f713777030796b9f86c53d4d9d3a7') in 0.027119 seconds 
========================================================================
Received Import Request.
  Time since last request: 0.000028 seconds.
  path: Assets/Assets/Veera/Pipes/Pipe_Extra/PipeExtras37.fbx
  artifactKey: Guid(5846a1c11d31bfc4fb1b34045c455b11) Importer(815301076,1909f56bfc062723c751e8b465ee728b)
Start importing Assets/Assets/Veera/Pipes/Pipe_Extra/PipeExtras37.fbx using Guid(5846a1c11d31bfc4fb1b34045c455b11) Importer(815301076,1909f56bfc062723c751e8b465ee728b)  -> (artifact id: 'd710fb3a8bd857de2fd8eb804a0e767b') in 0.024079 seconds 
========================================================================
Received Import Request.
  Time since last request: 0.000025 seconds.
  path: Assets/Assets/Veera/Pipes/Pipe_Extra/PipeExtras09.fbx
  artifactKey: Guid(94331c2e5f6db4a45ac2dbc3c53506d6) Importer(815301076,1909f56bfc062723c751e8b465ee728b)
Start importing Assets/Assets/Veera/Pipes/Pipe_Extra/PipeExtras09.fbx using Guid(94331c2e5f6db4a45ac2dbc3c53506d6) Importer(815301076,1909f56bfc062723c751e8b465ee728b)  -> (artifact id: '5b9583ad7fba07628af6e55968fe76a2') in 0.024612 seconds 
========================================================================
Received Import Request.
  Time since last request: 0.000028 seconds.
  path: Assets/Assets/Veera/Pipes/Pipe_Extra/PipeExtras08.fbx
  artifactKey: Guid(ea2d493160cfe3247a1dd328001f059d) Importer(815301076,1909f56bfc062723c751e8b465ee728b)
Start importing Assets/Assets/Veera/Pipes/Pipe_Extra/PipeExtras08.fbx using Guid(ea2d493160cfe3247a1dd328001f059d) Importer(815301076,1909f56bfc062723c751e8b465ee728b)  -> (artifact id: '5282f63da6201238056e1f4abaa5d127') in 0.023891 seconds 
========================================================================
Received Import Request.
  Time since last request: 0.000034 seconds.
  path: Assets/Assets/Veera/Pipes/Pipe_Extra/PipeExtras07.fbx
  artifactKey: Guid(3e7b2de7bc4b8e6438183a77999d1491) Importer(815301076,1909f56bfc062723c751e8b465ee728b)
Start importing Assets/Assets/Veera/Pipes/Pipe_Extra/PipeExtras07.fbx using Guid(3e7b2de7bc4b8e6438183a77999d1491) Importer(815301076,1909f56bfc062723c751e8b465ee728b)  -> (artifact id: '7f990c217aa5fc41b80e9aae6fe99c6a') in 0.022862 seconds 
========================================================================
Received Import Request.
  Time since last request: 0.000027 seconds.
  path: Assets/Assets/Veera/Pipes/Pipe_Extra/PipeExtras36.fbx
  artifactKey: Guid(4ffb2b5dc46b00a49abeb8af50a9f076) Importer(815301076,1909f56bfc062723c751e8b465ee728b)
Start importing Assets/Assets/Veera/Pipes/Pipe_Extra/PipeExtras36.fbx using Guid(4ffb2b5dc46b00a49abeb8af50a9f076) Importer(815301076,1909f56bfc062723c751e8b465ee728b)  -> (artifact id: 'e353235cb95637eaf50f5f5a2fa30df4') in 0.022746 seconds 
========================================================================
Received Import Request.
  Time since last request: 0.000043 seconds.
  path: Assets/Assets/Veera/Pipes/Pipe_Extra/PipeExtras19.fbx
  artifactKey: Guid(f614ba84cbe5b5347a3b7ea1d5a38a61) Importer(815301076,1909f56bfc062723c751e8b465ee728b)
Start importing Assets/Assets/Veera/Pipes/Pipe_Extra/PipeExtras19.fbx using Guid(f614ba84cbe5b5347a3b7ea1d5a38a61) Importer(815301076,1909f56bfc062723c751e8b465ee728b)  -> (artifact id: 'cf9322ddcb00b5641069e811e7ca5ddf') in 0.036393 seconds 
========================================================================
Received Import Request.
  Time since last request: 0.000036 seconds.
  path: Assets/Assets/Veera/Pipes/Pipe_Extra/PipeExtras34.fbx
  artifactKey: Guid(60789df0a8f4a554baa9d54e9b81e083) Importer(815301076,1909f56bfc062723c751e8b465ee728b)
Start importing Assets/Assets/Veera/Pipes/Pipe_Extra/PipeExtras34.fbx using Guid(60789df0a8f4a554baa9d54e9b81e083) Importer(815301076,1909f56bfc062723c751e8b465ee728b)  -> (artifact id: '9478b8a3bce4942d207012a2af452d10') in 0.038184 seconds 
========================================================================
Received Import Request.
  Time since last request: 0.000028 seconds.
  path: Assets/Assets/Veera/Pipes/Pipe_Extra/PipeExtras18.fbx
  artifactKey: Guid(db56732ad02d1014894783e43645b339) Importer(815301076,1909f56bfc062723c751e8b465ee728b)
Start importing Assets/Assets/Veera/Pipes/Pipe_Extra/PipeExtras18.fbx using Guid(db56732ad02d1014894783e43645b339) Importer(815301076,1909f56bfc062723c751e8b465ee728b)  -> (artifact id: '717ffb97601e3ac3161f7475700ce684') in 0.025187 seconds 
========================================================================
Received Import Request.
  Time since last request: 0.000034 seconds.
  path: Assets/Assets/Veera/Pipes/Pipe_Extra/PipeExtras12.fbx
  artifactKey: Guid(d48918646159fbb468f3a919cd5de459) Importer(815301076,1909f56bfc062723c751e8b465ee728b)
Start importing Assets/Assets/Veera/Pipes/Pipe_Extra/PipeExtras12.fbx using Guid(d48918646159fbb468f3a919cd5de459) Importer(815301076,1909f56bfc062723c751e8b465ee728b)  -> (artifact id: '2745bd50b9fcdab708653ed39834c97a') in 0.037585 seconds 
========================================================================
Received Import Request.
  Time since last request: 0.000040 seconds.
  path: Assets/Assets/Veera/Pipes/Pipe_Extra/PipeExtras20.fbx
  artifactKey: Guid(87168ffbbc63e9747a9f95825da623b3) Importer(815301076,1909f56bfc062723c751e8b465ee728b)
Start importing Assets/Assets/Veera/Pipes/Pipe_Extra/PipeExtras20.fbx using Guid(87168ffbbc63e9747a9f95825da623b3) Importer(815301076,1909f56bfc062723c751e8b465ee728b)  -> (artifact id: '3cffa2dd5e0dd66dfec929a556260db0') in 0.030348 seconds 
========================================================================
Received Import Request.
  Time since last request: 2.916889 seconds.
  path: Assets/Assets/Veera/Models/Ship_Exterior_Updated.fbx
  artifactKey: Guid(8270dcc7707072044a19e762d229d223) Importer(815301076,1909f56bfc062723c751e8b465ee728b)
Start importing Assets/Assets/Veera/Models/Ship_Exterior_Updated.fbx using Guid(8270dcc7707072044a19e762d229d223) Importer(815301076,1909f56bfc062723c751e8b465ee728b)  -> (artifact id: '766cdee52d0a3b79f399abefe4d7fd33') in 0.030188 seconds 
========================================================================
Received Import Request.
  Time since last request: 0.000039 seconds.
  path: Assets/Assets/Jassun assetteja/Lowpoly_Wasteland_Props/Meshes/Sign_2.FBX
  artifactKey: Guid(c5a1f179f10913c40ac84519c204eb1f) Importer(815301076,1909f56bfc062723c751e8b465ee728b)
Start importing Assets/Assets/Jassun assetteja/Lowpoly_Wasteland_Props/Meshes/Sign_2.FBX using Guid(c5a1f179f10913c40ac84519c204eb1f) Importer(815301076,1909f56bfc062723c751e8b465ee728b)  -> (artifact id: '5166e297f834ca8b3e434824506a140d') in 0.029203 seconds 
========================================================================
Received Import Request.
  Time since last request: 0.000030 seconds.
  path: Assets/Assets/Veera/Models/Ship_Exterior_Updated 1.fbx
  artifactKey: Guid(58a4d29b7c682f747b9a823c03f781ff) Importer(815301076,1909f56bfc062723c751e8b465ee728b)
Start importing Assets/Assets/Veera/Models/Ship_Exterior_Updated 1.fbx using Guid(58a4d29b7c682f747b9a823c03f781ff) Importer(815301076,1909f56bfc062723c751e8b465ee728b)  -> (artifact id: 'eb8c43b8f40cf707d36adfc1fa7202eb') in 0.025234 seconds 
========================================================================
Received Import Request.
  Time since last request: 0.000029 seconds.
  path: Assets/Assets/Jassun assetteja/general ship props/TH_Cable_Variable_Length_01B.fbx
  artifactKey: Guid(ced8f0bd15912964c9a4c431c0df47c4) Importer(815301076,1909f56bfc062723c751e8b465ee728b)
Start importing Assets/Assets/Jassun assetteja/general ship props/TH_Cable_Variable_Length_01B.fbx using Guid(ced8f0bd15912964c9a4c431c0df47c4) Importer(815301076,1909f56bfc062723c751e8b465ee728b)  -> (artifact id: '79c8b0b1c706f9c391fde335815e7d96') in 0.052296 seconds 
========================================================================
Received Import Request.
  Time since last request: 0.000036 seconds.
  path: Assets/Assets/Jassun assetteja/Lowpoly_Wasteland_Props/Meshes/Sign_4.FBX
  artifactKey: Guid(62d36cc0fe6bd614eacda53bf3d86416) Importer(815301076,1909f56bfc062723c751e8b465ee728b)
Start importing Assets/Assets/Jassun assetteja/Lowpoly_Wasteland_Props/Meshes/Sign_4.FBX using Guid(62d36cc0fe6bd614eacda53bf3d86416) Importer(815301076,1909f56bfc062723c751e8b465ee728b)  -> (artifact id: '666bb333c9c184bcc9f66a2581732c7f') in 0.025843 seconds 
========================================================================
Received Import Request.
  Time since last request: 0.000042 seconds.
  path: Assets/Assets/Jassun assetteja/general ship props/TH_Barrel_04B.fbx
  artifactKey: Guid(479f756a0c5cd1b45a2aab1eea1ad50f) Importer(815301076,1909f56bfc062723c751e8b465ee728b)
Start importing Assets/Assets/Jassun assetteja/general ship props/TH_Barrel_04B.fbx using Guid(479f756a0c5cd1b45a2aab1eea1ad50f) Importer(815301076,1909f56bfc062723c751e8b465ee728b)  -> (artifact id: '645026bd31a723326f425e406b47661c') in 0.028028 seconds 
========================================================================
Received Import Request.
  Time since last request: 0.000039 seconds.
  path: Assets/Assets/Annika/Rooms & Assets/StartMenu/StartMenu.fbx
  artifactKey: Guid(7557850d409f5ca4c8d8b521d7e6ff3a) Importer(815301076,1909f56bfc062723c751e8b465ee728b)
Start importing Assets/Assets/Annika/Rooms & Assets/StartMenu/StartMenu.fbx using Guid(7557850d409f5ca4c8d8b521d7e6ff3a) Importer(815301076,1909f56bfc062723c751e8b465ee728b)  -> (artifact id: '014103e8c186e90ba9aad8624a22e74c') in 0.256754 seconds 
========================================================================
Received Import Request.
  Time since last request: 0.000038 seconds.
  path: Assets/Assets/Jassun assetteja/general ship props/TH_Cable_Variable_Length_01A.fbx
  artifactKey: Guid(cf7061cd07ce16649b8e202dcdf015d8) Importer(815301076,1909f56bfc062723c751e8b465ee728b)
Start importing Assets/Assets/Jassun assetteja/general ship props/TH_Cable_Variable_Length_01A.fbx using Guid(cf7061cd07ce16649b8e202dcdf015d8) Importer(815301076,1909f56bfc062723c751e8b465ee728b)  -> (artifact id: '3d53892a3b7c3390710ebff0ac1f7876') in 0.042115 seconds 
========================================================================
Received Import Request.
  Time since last request: 0.000053 seconds.
  path: Assets/Assets/Jassun assetteja/general ship props/TH_Barrel_06B.fbx
  artifactKey: Guid(f9d1e99d10b07ea478db4c16425288ea) Importer(815301076,1909f56bfc062723c751e8b465ee728b)
Start importing Assets/Assets/Jassun assetteja/general ship props/TH_Barrel_06B.fbx using Guid(f9d1e99d10b07ea478db4c16425288ea) Importer(815301076,1909f56bfc062723c751e8b465ee728b)  -> (artifact id: '76d2429b868047cfe6a3bdd284409195') in 0.032568 seconds 
========================================================================
Received Import Request.
  Time since last request: 0.000029 seconds.
  path: Assets/Assets/Jassun assetteja/Lowpoly_Wasteland_Props/Meshes/Sign_3.FBX
  artifactKey: Guid(d7c5dabec1941d34b881d44044a808ec) Importer(815301076,1909f56bfc062723c751e8b465ee728b)
Start importing Assets/Assets/Jassun assetteja/Lowpoly_Wasteland_Props/Meshes/Sign_3.FBX using Guid(d7c5dabec1941d34b881d44044a808ec) Importer(815301076,1909f56bfc062723c751e8b465ee728b)  -> (artifact id: '54829ce5c0fbf1a765681b3c7d9b77a1') in 0.036961 seconds 
========================================================================
Received Import Request.
  Time since last request: 9.845737 seconds.
  path: Assets/Assets/Jassun assetteja/general ship props/TH_Cable_Variable_Length_02C.fbx
  artifactKey: Guid(9e053d5d18ec22c4fb1f4acac272c17b) Importer(815301076,1909f56bfc062723c751e8b465ee728b)
Start importing Assets/Assets/Jassun assetteja/general ship props/TH_Cable_Variable_Length_02C.fbx using Guid(9e053d5d18ec22c4fb1f4acac272c17b) Importer(815301076,1909f56bfc062723c751e8b465ee728b)  -> (artifact id: 'e69a218d0f8caf9fc7e5dfd786004c8c') in 0.044347 seconds 
========================================================================
Received Import Request.
  Time since last request: 0.000035 seconds.
  path: Assets/Assets/Jassun assetteja/general ship props/TH_Metal_Cable_Waste_01A.fbx
  artifactKey: Guid(8a21da90b7cfbd34b978c7c4e495a754) Importer(815301076,1909f56bfc062723c751e8b465ee728b)
Start importing Assets/Assets/Jassun assetteja/general ship props/TH_Metal_Cable_Waste_01A.fbx using Guid(8a21da90b7cfbd34b978c7c4e495a754) Importer(815301076,1909f56bfc062723c751e8b465ee728b)  -> (artifact id: '077f0e68af0d24678d77ee2c2746e54d') in 0.026359 seconds 
========================================================================
Received Import Request.
  Time since last request: 0.000046 seconds.
  path: Assets/Assets/Jassun assetteja/general ship props/TH_Metal_Cable_Waste_01D.fbx
  artifactKey: Guid(1da014211d4643f45952163af02649c1) Importer(815301076,1909f56bfc062723c751e8b465ee728b)
Start importing Assets/Assets/Jassun assetteja/general ship props/TH_Metal_Cable_Waste_01D.fbx using Guid(1da014211d4643f45952163af02649c1) Importer(815301076,1909f56bfc062723c751e8b465ee728b)  -> (artifact id: '19fc2d97b9e0c4f9353fe8455f4f0c0d') in 0.028287 seconds 
========================================================================
Received Import Request.
  Time since last request: 0.000031 seconds.
  path: Assets/Assets/Jassun assetteja/general ship props/TH_Freighter_Lamp_02B.fbx
  artifactKey: Guid(53854d1610d0112459fb1147b68f5c7d) Importer(815301076,1909f56bfc062723c751e8b465ee728b)
Start importing Assets/Assets/Jassun assetteja/general ship props/TH_Freighter_Lamp_02B.fbx using Guid(53854d1610d0112459fb1147b68f5c7d) Importer(815301076,1909f56bfc062723c751e8b465ee728b)  -> (artifact id: 'fd43565314c1aa3defb2e429a10dda59') in 0.058198 seconds 
========================================================================
Received Import Request.
  Time since last request: 0.000032 seconds.
  path: Assets/Assets/Jassun assetteja/general ship props/TH_Metal_Cable_Waste_01B.fbx
  artifactKey: Guid(577aeae2f486202419cae293fc9cfe5a) Importer(815301076,1909f56bfc062723c751e8b465ee728b)
Start importing Assets/Assets/Jassun assetteja/general ship props/TH_Metal_Cable_Waste_01B.fbx using Guid(577aeae2f486202419cae293fc9cfe5a) Importer(815301076,1909f56bfc062723c751e8b465ee728b)  -> (artifact id: 'bc2aa5d8081e8032ba19987c265fd31c') in 0.024852 seconds 
========================================================================
Received Import Request.
  Time since last request: 0.000037 seconds.
  path: Assets/Assets/Jassun assetteja/general ship props/TH_Freighter_Lamp_02A.fbx
  artifactKey: Guid(12f48ef0f4b1d6b4899f9c7635d9775a) Importer(815301076,1909f56bfc062723c751e8b465ee728b)
Start importing Assets/Assets/Jassun assetteja/general ship props/TH_Freighter_Lamp_02A.fbx using Guid(12f48ef0f4b1d6b4899f9c7635d9775a) Importer(815301076,1909f56bfc062723c751e8b465ee728b)  -> (artifact id: 'ce0ba7b759330ab7a506540390b647e8') in 0.050956 seconds 
========================================================================
Received Import Request.
  Time since last request: 15.735314 seconds.
  path: Assets/Assets/Jassun assetteja/general ship props/TH_Powerbox_02B.fbx
  artifactKey: Guid(b98d8bfa598f68c4dac3c9d496f01a4d) Importer(815301076,1909f56bfc062723c751e8b465ee728b)
Start importing Assets/Assets/Jassun assetteja/general ship props/TH_Powerbox_02B.fbx using Guid(b98d8bfa598f68c4dac3c9d496f01a4d) Importer(815301076,1909f56bfc062723c751e8b465ee728b)  -> (artifact id: '343a545569cb1434d567e0c49491d521') in 0.025423 seconds 
========================================================================
Received Import Request.
  Time since last request: 0.000030 seconds.
  path: Assets/Assets/Jassun assetteja/general ship props/TH_Rescue_Buoy_01A.fbx
  artifactKey: Guid(869462b4b87a055409b005930448b9cc) Importer(815301076,1909f56bfc062723c751e8b465ee728b)
Start importing Assets/Assets/Jassun assetteja/general ship props/TH_Rescue_Buoy_01A.fbx using Guid(869462b4b87a055409b005930448b9cc) Importer(815301076,1909f56bfc062723c751e8b465ee728b)  -> (artifact id: 'fce85a92a8cd7048158c5f8d764664e5') in 0.030967 seconds 
========================================================================
Received Import Request.
  Time since last request: 0.000043 seconds.
  path: Assets/Assets/Jassun assetteja/general ship props/TH_Ship_Winch_01D.fbx
  artifactKey: Guid(1d64529d11e09bd4b8b9e8bfbed0438c) Importer(815301076,1909f56bfc062723c751e8b465ee728b)
Start importing Assets/Assets/Jassun assetteja/general ship props/TH_Ship_Winch_01D.fbx using Guid(1d64529d11e09bd4b8b9e8bfbed0438c) Importer(815301076,1909f56bfc062723c751e8b465ee728b)  -> (artifact id: '92e231d92ec29ac54d78614298835fb3') in 0.031945 seconds 
========================================================================
Received Import Request.
  Time since last request: 0.000028 seconds.
  path: Assets/Assets/Jassun assetteja/general ship props/TH_Powerbox_03A.fbx
  artifactKey: Guid(878e50cc18db2fc4bba90bdf73951dcb) Importer(815301076,1909f56bfc062723c751e8b465ee728b)
Start importing Assets/Assets/Jassun assetteja/general ship props/TH_Powerbox_03A.fbx using Guid(878e50cc18db2fc4bba90bdf73951dcb) Importer(815301076,1909f56bfc062723c751e8b465ee728b)  -> (artifact id: '4ef6971a02f3a7b2e5c7f59c529dea33') in 0.026948 seconds 
========================================================================
Received Import Request.
  Time since last request: 0.000027 seconds.
  path: Assets/Assets/Jassun assetteja/general ship props/TH_Rope_Pile_1A.fbx
  artifactKey: Guid(869ac8dd4975d784a8c61e66c176916c) Importer(815301076,1909f56bfc062723c751e8b465ee728b)
Start importing Assets/Assets/Jassun assetteja/general ship props/TH_Rope_Pile_1A.fbx using Guid(869ac8dd4975d784a8c61e66c176916c) Importer(815301076,1909f56bfc062723c751e8b465ee728b)  -> (artifact id: '135fc69f61816b470edadd55de40dca4') in 0.032790 seconds 
========================================================================
Received Import Request.
  Time since last request: 0.000028 seconds.
  path: Assets/Assets/Jassun assetteja/general ship props/TH_Siren_01A.fbx
  artifactKey: Guid(8a1bddf0f81339f48a2e17ccd207c97a) Importer(815301076,1909f56bfc062723c751e8b465ee728b)
Start importing Assets/Assets/Jassun assetteja/general ship props/TH_Siren_01A.fbx using Guid(8a1bddf0f81339f48a2e17ccd207c97a) Importer(815301076,1909f56bfc062723c751e8b465ee728b)  -> (artifact id: '1b07e3f32320a531428014876be0ab8a') in 0.029999 seconds 
========================================================================
Received Import Request.
  Time since last request: 0.000028 seconds.
  path: Assets/Assets/Jassun assetteja/general ship props/TH_Siren_01B.fbx
  artifactKey: Guid(b0242dd64df9b4647b5137af382c6cdc) Importer(815301076,1909f56bfc062723c751e8b465ee728b)
Start importing Assets/Assets/Jassun assetteja/general ship props/TH_Siren_01B.fbx using Guid(b0242dd64df9b4647b5137af382c6cdc) Importer(815301076,1909f56bfc062723c751e8b465ee728b)  -> (artifact id: '69b1477c59c52ae80e7c564cd9462915') in 0.025396 seconds 
========================================================================
Received Import Request.
  Time since last request: 0.000031 seconds.
  path: Assets/Assets/Veera/Models/valve.fbx
  artifactKey: Guid(ab726ce5725da7c4e8cb35b2189f9f1d) Importer(815301076,1909f56bfc062723c751e8b465ee728b)
Start importing Assets/Assets/Veera/Models/valve.fbx using Guid(ab726ce5725da7c4e8cb35b2189f9f1d) Importer(815301076,1909f56bfc062723c751e8b465ee728b)  -> (artifact id: 'a4c82c99497a0788409a3e6b5845e7d7') in 0.047392 seconds 
========================================================================
Received Import Request.
  Time since last request: 0.000043 seconds.
  path: Assets/Assets/Jassun assetteja/general ship props/TH_Radiator_01A.fbx
  artifactKey: Guid(cd4f576c3e9bbe44fbe68bd399fbb74f) Importer(815301076,1909f56bfc062723c751e8b465ee728b)
Start importing Assets/Assets/Jassun assetteja/general ship props/TH_Radiator_01A.fbx using Guid(cd4f576c3e9bbe44fbe68bd399fbb74f) Importer(815301076,1909f56bfc062723c751e8b465ee728b)  -> (artifact id: 'ce406490f730bd4f0a2f44e0fe850873') in 0.026139 seconds 
========================================================================
Received Import Request.
  Time since last request: 571.255484 seconds.
  path: Assets/BNG Framework/Prefabs/SlideDrawer.prefab
  artifactKey: Guid(a26c3d0cae0a86144b7d8155ff0c08be) Importer(815301076,1909f56bfc062723c751e8b465ee728b)
Start importing Assets/BNG Framework/Prefabs/SlideDrawer.prefab using Guid(a26c3d0cae0a86144b7d8155ff0c08be) Importer(815301076,1909f56bfc062723c751e8b465ee728b)  -> (artifact id: '52f4a3d5e803a0bfc7095ca218904b82') in 0.041872 seconds 
========================================================================
Received Import Request.
  Time since last request: 0.000033 seconds.
  path: Assets/Assets/Annika/Rooms & Assets/effects/Smoke.prefab
  artifactKey: Guid(a6d5ec7ffd3dfd94984dbf3c46b0d0b3) Importer(815301076,1909f56bfc062723c751e8b465ee728b)
Start importing Assets/Assets/Annika/Rooms & Assets/effects/Smoke.prefab using Guid(a6d5ec7ffd3dfd94984dbf3c46b0d0b3) Importer(815301076,1909f56bfc062723c751e8b465ee728b)  -> (artifact id: 'c9a897644d792962c196ab992729f1f5') in 0.025296 seconds 
========================================================================
Received Import Request.
  Time since last request: 0.000047 seconds.
  path: Assets/BNG Framework/Prefabs/Player/XR Rig Advanced.prefab
  artifactKey: Guid(4ac7df741a9c0a2418ec19477729ee3d) Importer(815301076,1909f56bfc062723c751e8b465ee728b)
Start importing Assets/BNG Framework/Prefabs/Player/XR Rig Advanced.prefab using Guid(4ac7df741a9c0a2418ec19477729ee3d) Importer(815301076,1909f56bfc062723c751e8b465ee728b)  -> (artifact id: 'e31abbcea96ff05df5b949d3f487a6d1') in 0.447662 seconds 
========================================================================
Received Import Request.
  Time since last request: 0.000036 seconds.
  path: Assets/Assets/Veera/Alstrainfinite/KitchenAppliances/Prefabs/(Old) Version1.0/Washer.prefab
  artifactKey: Guid(bbf651e99fd157f4e822b8b66371a946) Importer(815301076,1909f56bfc062723c751e8b465ee728b)
Start importing Assets/Assets/Veera/Alstrainfinite/KitchenAppliances/Prefabs/(Old) Version1.0/Washer.prefab using Guid(bbf651e99fd157f4e822b8b66371a946) Importer(815301076,1909f56bfc062723c751e8b465ee728b)  -> (artifact id: 'b0ba451ba1bde1c429920436918a0f8c') in 0.028839 seconds 
========================================================================
Received Import Request.
  Time since last request: 0.000038 seconds.
  path: Assets/BNG Framework/Prefabs/VehicleExample.prefab
  artifactKey: Guid(4fe64847736fa8042a9d992e31d646b4) Importer(815301076,1909f56bfc062723c751e8b465ee728b)
Start importing Assets/BNG Framework/Prefabs/VehicleExample.prefab using Guid(4fe64847736fa8042a9d992e31d646b4) Importer(815301076,1909f56bfc062723c751e8b465ee728b)  -> (artifact id: 'cb4da3a1d7ecbce16c5747dfa9cf080a') in 0.079022 seconds 
========================================================================
Received Import Request.
  Time since last request: 0.000039 seconds.
  path: Assets/Assets/Puzzles/Tutka/tutka.prefab
  artifactKey: Guid(7a8b3b15cddb36a4d8fe8da74e7d94a0) Importer(815301076,1909f56bfc062723c751e8b465ee728b)
Start importing Assets/Assets/Puzzles/Tutka/tutka.prefab using Guid(7a8b3b15cddb36a4d8fe8da74e7d94a0) Importer(815301076,1909f56bfc062723c751e8b465ee728b) Tried select unknown importer for id '-2' '00000000000000000000000000000000'
 -> (artifact id: '43a3d884ec111a84fa2ac148f22c49e3') in 0.025092 seconds 
========================================================================
Received Import Request.
  Time since last request: 0.000030 seconds.
  path: Assets/Assets/Jessen testiassetit/Simple Water Shader/Prefabs/WaterBlock_50m.prefab
  artifactKey: Guid(7097ba7ba649e1f41bba232312bdcbd8) Importer(815301076,1909f56bfc062723c751e8b465ee728b)
Start importing Assets/Assets/Jessen testiassetit/Simple Water Shader/Prefabs/WaterBlock_50m.prefab using Guid(7097ba7ba649e1f41bba232312bdcbd8) Importer(815301076,1909f56bfc062723c751e8b465ee728b)  -> (artifact id: '733ae7c7d0c3e875201ba817c1f2d8bd') in 0.018784 seconds 
========================================================================
Received Import Request.
  Time since last request: 0.000030 seconds.
  path: Assets/Assets/Veera/Alstrainfinite/KitchenAppliances/Prefabs/(Old) Version1.0/Stove.prefab
  artifactKey: Guid(8c673e3b356152a4ca8285cb58c4f615) Importer(815301076,1909f56bfc062723c751e8b465ee728b)
Start importing Assets/Assets/Veera/Alstrainfinite/KitchenAppliances/Prefabs/(Old) Version1.0/Stove.prefab using Guid(8c673e3b356152a4ca8285cb58c4f615) Importer(815301076,1909f56bfc062723c751e8b465ee728b)  -> (artifact id: '4a0c1327e205ce0b5ce1d6f436db808c') in 0.030683 seconds 
========================================================================
Received Import Request.
  Time since last request: 0.000031 seconds.
  path: Assets/BNG Framework/Prefabs/Vehicle With Player.prefab
  artifactKey: Guid(c9f133ecc885890458e03180bc40dec4) Importer(815301076,1909f56bfc062723c751e8b465ee728b)
Start importing Assets/BNG Framework/Prefabs/Vehicle With Player.prefab using Guid(c9f133ecc885890458e03180bc40dec4) Importer(815301076,1909f56bfc062723c751e8b465ee728b)  -> (artifact id: 'b725431e9bfc120e749272f1d81b14b1') in 0.053643 seconds 
========================================================================
Received Import Request.
  Time since last request: 2.044360 seconds.
  path: Assets/Assets/Veera/Materials/Glass.mat
  artifactKey: Guid(53c08d3f74a943c4cb6bbb8c4936994d) Importer(815301076,1909f56bfc062723c751e8b465ee728b)
Start importing Assets/Assets/Veera/Materials/Glass.mat using Guid(53c08d3f74a943c4cb6bbb8c4936994d) Importer(815301076,1909f56bfc062723c751e8b465ee728b)  -> (artifact id: '32dfb2d4441a58d13c2459f7a67beef4') in 1.707835 seconds 
========================================================================
Received Import Request.
  Time since last request: 12.674569 seconds.
  path: Assets/Assets/Veera/Materials/Metals/Pipes_EngineRoom.mat
  artifactKey: Guid(da3f1dddcc4dd814395ef41ba66962f8) Importer(815301076,1909f56bfc062723c751e8b465ee728b)
Start importing Assets/Assets/Veera/Materials/Metals/Pipes_EngineRoom.mat using Guid(da3f1dddcc4dd814395ef41ba66962f8) Importer(815301076,1909f56bfc062723c751e8b465ee728b)  -> (artifact id: '35f330f9e1e2176fb3fb5f9ae92c6519') in 0.020862 seconds 
========================================================================
Received Import Request.
  Time since last request: 0.423890 seconds.
  path: Assets/Assets/Jessen testiassetit/Materials/RedGlowPipe.mat
  artifactKey: Guid(0501972d8c35be24f93937ffba06e0a5) Importer(815301076,1909f56bfc062723c751e8b465ee728b)
Start importing Assets/Assets/Jessen testiassetit/Materials/RedGlowPipe.mat using Guid(0501972d8c35be24f93937ffba06e0a5) Importer(815301076,1909f56bfc062723c751e8b465ee728b)  -> (artifact id: '692921ab9d5e537fcc0e38df5b3d7115') in 0.021205 seconds 
========================================================================
Received Import Request.
  Time since last request: 0.063536 seconds.
  path: Assets/Assets/Veera/Materials/Ship/ShipExterior.mat
  artifactKey: Guid(c1948f7c7d5bd9643b2a44e5598a6114) Importer(815301076,1909f56bfc062723c751e8b465ee728b)
Start importing Assets/Assets/Veera/Materials/Ship/ShipExterior.mat using Guid(c1948f7c7d5bd9643b2a44e5598a6114) Importer(815301076,1909f56bfc062723c751e8b465ee728b)  -> (artifact id: '1d60ea792f5375e986e2a5931bb9153d') in 0.015933 seconds 
========================================================================
Received Import Request.
  Time since last request: 0.000031 seconds.
  path: Assets/Assets/Veera/Materials/Ship/ShipExteriorDark.mat
  artifactKey: Guid(1460fe51e3965604aae78cf1915bb92a) Importer(815301076,1909f56bfc062723c751e8b465ee728b)
Start importing Assets/Assets/Veera/Materials/Ship/ShipExteriorDark.mat using Guid(1460fe51e3965604aae78cf1915bb92a) Importer(815301076,1909f56bfc062723c751e8b465ee728b)  -> (artifact id: '3bb75b9438a7919686a473888776ef0c') in 0.029639 seconds 
========================================================================
Received Import Request.
  Time since last request: 0.864485 seconds.
  path: Assets/Assets/Veera/Materials/Metals/Valve_Red.mat
  artifactKey: Guid(f4b35237270e93e41b852348f356a30b) Importer(815301076,1909f56bfc062723c751e8b465ee728b)
Start importing Assets/Assets/Veera/Materials/Metals/Valve_Red.mat using Guid(f4b35237270e93e41b852348f356a30b) Importer(815301076,1909f56bfc062723c751e8b465ee728b)  -> (artifact id: 'aab21d0db3a796087aa5b49e4aaecd86') in 0.021968 seconds 
========================================================================
Received Import Request.
  Time since last request: 0.000030 seconds.
  path: Assets/Assets/Veera/Decals/Wall_Corner.mat
  artifactKey: Guid(10c44a40159245e4abe244b21897ec88) Importer(815301076,1909f56bfc062723c751e8b465ee728b)
Start importing Assets/Assets/Veera/Decals/Wall_Corner.mat using Guid(10c44a40159245e4abe244b21897ec88) Importer(815301076,1909f56bfc062723c751e8b465ee728b)  -> (artifact id: 'a795e8cd282f238f4c8794a8cf5ad23e') in 0.027291 seconds 
