Using pre-set license
Built from '2021.2/staging' branch; Version is '2021.2.10f1 (ee872746220e) revision 15632167'; Using compiler version '192829333'; Build Type 'Release'
OS: 'Windows 10  (10.0.19044) 64bit Enterprise' Language: 'en' Physical Memory: 32440 MB
BatchMode: 1, IsHumanControllingUs: 0, StartBugReporterOnCrash: 0, Is64bit: 1, IsPro: 0

COMMAND LINE ARGUMENTS:
C:\Program Files\Unity\Hub\Editor\2021.2.10f1\Editor\Unity.exe
-adb2
-batchMode
-noUpm
-name
AssetImportWorker0
-projectPath
C:/Users/annikavh/Desktop/Toad_boat
-logFile
Logs/AssetImportWorker0.log
-srvPort
57572
Successfully changed project path to: C:/Users/annikavh/Desktop/Toad_boat
C:/Users/annikavh/Desktop/Toad_boat
[UnityMemory] Configuration Parameters - Can be set up in boot.config
    "memorysetup-bucket-allocator-granularity=16"
    "memorysetup-bucket-allocator-bucket-count=8"
    "memorysetup-bucket-allocator-block-size=33554432"
    "memorysetup-bucket-allocator-block-count=8"
    "memorysetup-main-allocator-block-size=16777216"
    "memorysetup-thread-allocator-block-size=16777216"
    "memorysetup-gfx-main-allocator-block-size=16777216"
    "memorysetup-gfx-thread-allocator-block-size=16777216"
    "memorysetup-cache-allocator-block-size=4194304"
    "memorysetup-typetree-allocator-block-size=2097152"
    "memorysetup-profiler-bucket-allocator-granularity=16"
    "memorysetup-profiler-bucket-allocator-bucket-count=8"
    "memorysetup-profiler-bucket-allocator-block-size=33554432"
    "memorysetup-profiler-bucket-allocator-block-count=8"
    "memorysetup-profiler-allocator-block-size=16777216"
    "memorysetup-profiler-editor-allocator-block-size=1048576"
    "memorysetup-temp-allocator-size-main=16777216"
    "memorysetup-job-temp-allocator-block-size=2097152"
    "memorysetup-job-temp-allocator-block-size-background=1048576"
    "memorysetup-job-temp-allocator-reduction-small-platforms=262144"
    "memorysetup-temp-allocator-size-background-worker=32768"
    "memorysetup-temp-allocator-size-job-worker=262144"
    "memorysetup-temp-allocator-size-preload-manager=33554432"
    "memorysetup-temp-allocator-size-nav-mesh-worker=65536"
    "memorysetup-temp-allocator-size-audio-worker=65536"
    "memorysetup-temp-allocator-size-cloud-worker=32768"
    "memorysetup-temp-allocator-size-gi-baking-worker=262144"
    "memorysetup-temp-allocator-size-gfx=262144"
Refreshing native plugins compatible for Editor in 167.39 ms, found 13 plugins.
Preloading 1 native plugins for Editor in 2.52 ms.
Initialize engine version: 2021.2.10f1 (ee872746220e)
[Subsystems] Discovering subsystems at path C:/Program Files/Unity/Hub/Editor/2021.2.10f1/Editor/Data/Resources/UnitySubsystems
[Subsystems] Discovering subsystems at path C:/Users/annikavh/Desktop/Toad_boat/Assets
GfxDevice: creating device client; threaded=0; jobified=0
Direct3D:
    Version:  Direct3D 11.0 [level 11.1]
    Renderer: NVIDIA Quadro P5000 (ID=0x1bb0)
    Vendor:   NVIDIA
    VRAM:     16255 MB
    Driver:   30.0.14.7141
Initialize mono
Mono path[0] = 'C:/Program Files/Unity/Hub/Editor/2021.2.10f1/Editor/Data/Managed'
Mono path[1] = 'C:/Program Files/Unity/Hub/Editor/2021.2.10f1/Editor/Data/MonoBleedingEdge/lib/mono/unityjit-win32'
Mono config path = 'C:/Program Files/Unity/Hub/Editor/2021.2.10f1/Editor/Data/MonoBleedingEdge/etc'
Using monoOptions --debugger-agent=transport=dt_socket,embedding=1,server=y,suspend=n,address=127.0.0.1:56352
Begin MonoManager ReloadAssembly
Registering precompiled unity dll's ...
Register platform support module: C:/Program Files/Unity/Hub/Editor/2021.2.10f1/Editor/Data/PlaybackEngines/WindowsStandaloneSupport/UnityEditor.WindowsStandalone.Extensions.dll
Registered in 0.004870 seconds.
Native extension for WindowsStandalone target not found
Refreshing native plugins compatible for Editor in 163.40 ms, found 13 plugins.
Preloading 1 native plugins for Editor in 0.06 ms.
Mono: successfully reloaded assembly
- Completed reload, in  0.790 seconds
Domain Reload Profiling:
	ReloadAssembly (791ms)
		BeginReloadAssembly (82ms)
			ExecutionOrderSort (0ms)
			DisableScriptedObjects (0ms)
			BackupInstance (0ms)
			ReleaseScriptingObjects (0ms)
			CreateAndSetChildDomain (1ms)
		EndReloadAssembly (616ms)
			LoadAssemblies (80ms)
			RebuildTransferFunctionScriptingTraits (0ms)
			SetupTypeCache (149ms)
			ReleaseScriptCaches (0ms)
			RebuildScriptCaches (44ms)
			SetupLoadedEditorAssemblies (361ms)
				LogAssemblyErrors (0ms)
				InitializePlatformSupportModulesInManaged (26ms)
				SetLoadedEditorAssemblies (0ms)
				RefreshPlugins (164ms)
				BeforeProcessingInitializeOnLoad (1ms)
				ProcessInitializeOnLoadAttributes (127ms)
				ProcessInitializeOnLoadMethodAttributes (43ms)
				AfterProcessingInitializeOnLoad (0ms)
				EditorAssembliesLoaded (0ms)
			ExecutionOrderSort2 (0ms)
			AwakeInstancesAfterBackupRestoration (0ms)
Platform modules already initialized, skipping
Registering precompiled user dll's ...
Registered in 0.011389 seconds.
Begin MonoManager ReloadAssembly
Symbol file LoadedFromMemory doesn't match image C:\Users\annikavh\Desktop\Toad_boat\Library\PackageCache\com.unity.visualscripting@1.7.6\Editor\VisualScripting.Core\Dependencies\DotNetZip\Unity.VisualScripting.IonicZip.dll
Symbol file LoadedFromMemory doesn't match image C:\Users\annikavh\Desktop\Toad_boat\Library\PackageCache\com.unity.visualscripting@1.7.6\Editor\VisualScripting.Core\Dependencies\YamlDotNet\Unity.VisualScripting.YamlDotNet.dll
Native extension for WindowsStandalone target not found
Refreshing native plugins compatible for Editor in 167.01 ms, found 13 plugins.
Preloading 1 native plugins for Editor in 0.07 ms.
Package Manager log level set to [2]
Error saving file Library/StateCache/LayerSettings/9e/9ecc5c3c162a7aba29bafa64c8b94b7c.json. Error: System.IO.IOException: Sharing violation on path C:\Users\annikavh\Desktop\Toad_boat\Library\StateCache\LayerSettings\9e\9ecc5c3c162a7aba29bafa64c8b94b7c.json
  at System.IO.FileStream..ctor (System.String path, System.IO.FileMode mode, System.IO.FileAccess access, System.IO.FileShare share, System.Int32 bufferSize, System.Boolean anonymous, System.IO.FileOptions options) [0x0019e] in <7b935204f5ff4bcab44b3b0ebca330bf>:0 
  at System.IO.FileStream..ctor (System.String path, System.IO.FileMode mode, System.IO.FileAccess access, System.IO.FileShare share, System.Int32 bufferSize, System.IO.FileOptions options) [0x00000] in <7b935204f5ff4bcab44b3b0ebca330bf>:0 
  at (wrapper remoting-invoke-with-check) System.IO.FileStream..ctor(string,System.IO.FileMode,System.IO.FileAccess,System.IO.FileShare,int,System.IO.FileOptions)
  at System.IO.StreamWriter..ctor (System.String path, System.Boolean append, System.Text.Encoding encoding, System.Int32 bufferSize) [0x00055] in <7b935204f5ff4bcab44b3b0ebca330bf>:0 
  at System.IO.StreamWriter..ctor (System.String path, System.Boolean append, System.Text.Encoding encoding) [0x00000] in <7b935204f5ff4bcab44b3b0ebca330bf>:0 
  at (wrapper remoting-invoke-with-check) System.IO.StreamWriter..ctor(string,bool,System.Text.Encoding)
  at System.IO.File.WriteAllText (System.String path, System.String contents, System.Text.Encoding encoding) [0x00034] in <7b935204f5ff4bcab44b3b0ebca330bf>:0 
  at UnityEditor.StateCache`1[T].SetState (UnityEngine.Hash128 key, T obj) [0x0004b] in <ac4382394009481fa61779d0ab47a96f>:0 
UnityEngine.StackTraceUtility:ExtractStackTrace ()
UnityEngine.DebugLogHandler:LogFormat (UnityEngine.LogType,UnityEngine.Object,string,object[])
UnityEngine.Logger:Log (UnityEngine.LogType,object)
UnityEngine.Debug:LogError (object)
UnityEditor.StateCache`1<UnityEditor.Tools/LayerSettings>:SetState (UnityEngine.Hash128,UnityEditor.Tools/LayerSettings)
UnityEditor.Tools:set_lockedLayers (int)
UnityEditor.Tools:OnEnable ()
UnityEngine.ScriptableObject:CreateInstance (System.Type)
UnityEngine.ScriptableObject:CreateInstance<UnityEditor.Tools> ()
UnityEditor.Tools:get_get ()
UnityEditor.Tools:get_visibleLayers ()
UnityEditor.Animations.Rigging.BoneRendererUtils:.cctor () (at Library/PackageCache/com.unity.animation.rigging@1.1.1/Editor/Utils/BoneRendererUtils.cs:121)
System.Runtime.CompilerServices.RuntimeHelpers:RunClassConstructor (System.RuntimeTypeHandle)
UnityEditor.EditorAssemblies:ProcessInitializeOnLoadAttributes (System.Type[])

(Filename: Library/PackageCache/com.unity.animation.rigging@1.1.1/Editor/Utils/BoneRendererUtils.cs Line: 121)

System.Reflection.TargetInvocationException: Exception has been thrown by the target of an invocation. ---> System.NullReferenceException: Object reference not set to an instance of an object
  at Unity.XR.Oculus.OculusLoader.AssetPathToAbsolutePath (System.String assetPath) [0x00040] in C:\Users\annikavh\Desktop\Toad_boat\Library\PackageCache\com.unity.xr.oculus@1.11.2\Runtime\OculusLoader.cs:250 
  at Unity.XR.Oculus.OculusLoader.EditorLoadOVRPlugin () [0x0007b] in C:\Users\annikavh\Desktop\Toad_boat\Library\PackageCache\com.unity.xr.oculus@1.11.2\Runtime\OculusLoader.cs:235 
  at (wrapper managed-to-native) System.Reflection.RuntimeMethodInfo.InternalInvoke(System.Reflection.RuntimeMethodInfo,object,object[],System.Exception&)
  at System.Reflection.RuntimeMethodInfo.Invoke (System.Object obj, System.Reflection.BindingFlags invokeAttr, System.Reflection.Binder binder, System.Object[] parameters, System.Globalization.CultureInfo culture) [0x0006a] in <7b935204f5ff4bcab44b3b0ebca330bf>:0 
   --- End of inner exception stack trace ---
  at System.Reflection.RuntimeMethodInfo.Invoke (System.Object obj, System.Reflection.BindingFlags invokeAttr, System.Reflection.Binder binder, System.Object[] parameters, System.Globalization.CultureInfo culture) [0x00083] in <7b935204f5ff4bcab44b3b0ebca330bf>:0 
  at System.Reflection.MethodBase.Invoke (System.Object obj, System.Object[] parameters) [0x00000] in <7b935204f5ff4bcab44b3b0ebca330bf>:0 
  at UnityEditor.EditorAssemblies.ProcessInitializeOnLoadMethodAttributes () [0x000a5] in <ac4382394009481fa61779d0ab47a96f>:0 
UnityEngine.StackTraceUtility:ExtractStackTrace ()
UnityEngine.DebugLogHandler:LogFormat (UnityEngine.LogType,UnityEngine.Object,string,object[])
UnityEngine.Logger:Log (UnityEngine.LogType,object)
UnityEngine.Debug:LogError (object)
UnityEditor.EditorAssemblies:ProcessInitializeOnLoadMethodAttributes ()

Mono: successfully reloaded assembly
- Completed reload, in  2.608 seconds
Domain Reload Profiling:
	ReloadAssembly (2609ms)
		BeginReloadAssembly (110ms)
			ExecutionOrderSort (0ms)
			DisableScriptedObjects (5ms)
			BackupInstance (0ms)
			ReleaseScriptingObjects (0ms)
			CreateAndSetChildDomain (24ms)
		EndReloadAssembly (2399ms)
			LoadAssemblies (94ms)
			RebuildTransferFunctionScriptingTraits (0ms)
			SetupTypeCache (375ms)
			ReleaseScriptCaches (1ms)
			RebuildScriptCaches (81ms)
			SetupLoadedEditorAssemblies (1800ms)
				LogAssemblyErrors (0ms)
				InitializePlatformSupportModulesInManaged (10ms)
				SetLoadedEditorAssemblies (0ms)
				RefreshPlugins (167ms)
				BeforeProcessingInitializeOnLoad (156ms)
				ProcessInitializeOnLoadAttributes (1378ms)
				ProcessInitializeOnLoadMethodAttributes (81ms)
				AfterProcessingInitializeOnLoad (8ms)
				EditorAssembliesLoaded (0ms)
			ExecutionOrderSort2 (0ms)
			AwakeInstancesAfterBackupRestoration (6ms)
Platform modules already initialized, skipping
========================================================================
Worker process is ready to serve import requests
Launched and connected shader compiler UnityShaderCompiler.exe after 0.04 seconds
Refreshing native plugins compatible for Editor in 2.73 ms, found 13 plugins.
Preloading 1 native plugins for Editor in 0.11 ms.
Unloading 7070 Unused Serialized files (Serialized files now loaded: 0)
Unloading 281 unused Assets / (1.9 MB). Loaded Objects now: 7487.
Memory consumption went from 293.2 MB to 291.3 MB.
Total: 6.702300 ms (FindLiveObjects: 0.732700 ms CreateObjectMapping: 0.765000 ms MarkObjects: 4.422100 ms  DeleteObjects: 0.781000 ms)

AssetImportParameters requested are different than current active one (requested -> active):
  custom:video-decoder-ogg-theora: a1e56fd34408186e4bbccfd4996cb3dc -> 
  custom:container-muxer-webm: aa71ff27fc2769a1b78a27578f13a17b -> 
  custom:container-demuxer-webm: 4f35f7cbe854078d1ac9338744f61a02 -> 
  custom:video-encoder-webm-vp8: eb34c28f22e8b96e1ab97ce403110664 -> 
  custom:audio-encoder-webm-vorbis: bf7c407c2cedff20999df2af8eb42d56 -> 
  custom:framework-win-MediaFoundation: 216162199b28c13a410421893ffa2e32 -> 
  custom:container-demuxer-ogg: 62fdf1f143b41e24485cea50d1cbac27 -> 
  custom:video-decoder-webm-vp8: 9c59270c3fd7afecdb556c50c9e8de78 -> 
  custom:audio-decoder-ogg-vorbis: bf7c407c2cedff20999df2af8eb42d56 -> 
========================================================================
Received Import Request.
  Time since last request: 7550.351112 seconds.
  path: Assets/_Scenes/FINAL SCENES/LAIVA FINAL.unity
  artifactKey: Guid(2fcf836b68658c549945649fae60dcce) Importer(815301076,1909f56bfc062723c751e8b465ee728b)
Start importing Assets/_Scenes/FINAL SCENES/LAIVA FINAL.unity using Guid(2fcf836b68658c549945649fae60dcce) Importer(815301076,1909f56bfc062723c751e8b465ee728b)  -> (artifact id: '918ea487cc191495982040f4c4453473') in 0.017342 seconds 
========================================================================
Received Import Request.
  Time since last request: 3721.020566 seconds.
  path: Assets/_Assets/Annika/Rooms & Assets/Sam1.2.1 cellshaded (1).prefab
  artifactKey: Guid(91b139358996e2a43b66ec53179c9ec2) Importer(815301076,1909f56bfc062723c751e8b465ee728b)
Start importing Assets/_Assets/Annika/Rooms & Assets/Sam1.2.1 cellshaded (1).prefab using Guid(91b139358996e2a43b66ec53179c9ec2) Importer(815301076,1909f56bfc062723c751e8b465ee728b)  -> (artifact id: '7d2a1d16578a6463ad01a473371c3e69') in 0.456173 seconds 
========================================================================
Received Import Request.
  Time since last request: 3.666633 seconds.
  path: Assets/_Assets/Annika/Rooms & Assets/Materials/Dashboard/Dashboard1.mat
  artifactKey: Guid(9de7e5d201d69e4489d7f475d7e90b65) Importer(815301076,1909f56bfc062723c751e8b465ee728b)
Start importing Assets/_Assets/Annika/Rooms & Assets/Materials/Dashboard/Dashboard1.mat using Guid(9de7e5d201d69e4489d7f475d7e90b65) Importer(815301076,1909f56bfc062723c751e8b465ee728b)  -> (artifact id: 'f721f8188d934a65772a465414272998') in 0.033452 seconds 
========================================================================
Received Import Request.
  Time since last request: 0.000038 seconds.
  path: Assets/_Assets/Annika/Rooms & Assets/Materials/Dashboard/Dashboard3.mat
  artifactKey: Guid(be1ef203472ec33439a466fd387fe7b7) Importer(815301076,1909f56bfc062723c751e8b465ee728b)
Start importing Assets/_Assets/Annika/Rooms & Assets/Materials/Dashboard/Dashboard3.mat using Guid(be1ef203472ec33439a466fd387fe7b7) Importer(815301076,1909f56bfc062723c751e8b465ee728b)  -> (artifact id: 'cdbf2fb9c3aff712b18e5196f8d1bbdd') in 0.022916 seconds 
========================================================================
Received Import Request.
  Time since last request: 6.102868 seconds.
  path: Assets/_Assets/Annika/Rooms & Assets/Materials/Dashboard/2
  artifactKey: Guid(e84626f2879565242a4a38d0376e282e) Importer(815301076,1909f56bfc062723c751e8b465ee728b)
Start importing Assets/_Assets/Annika/Rooms & Assets/Materials/Dashboard/2 using Guid(e84626f2879565242a4a38d0376e282e) Importer(815301076,1909f56bfc062723c751e8b465ee728b)  -> (artifact id: '50b81d707962b2135913fb495bd7987a') in 0.006202 seconds 
========================================================================
Received Import Request.
  Time since last request: 4.243680 seconds.
  path: Assets/_Assets/Annika/Rooms & Assets/Materials/Dashboard/2/BasementDoor_Base_color.png
  artifactKey: Guid(3e36d2cfc2b15c742992f0b80c7b58c0) Importer(815301076,1909f56bfc062723c751e8b465ee728b)
Start importing Assets/_Assets/Annika/Rooms & Assets/Materials/Dashboard/2/BasementDoor_Base_color.png using Guid(3e36d2cfc2b15c742992f0b80c7b58c0) Importer(815301076,1909f56bfc062723c751e8b465ee728b)  -> (artifact id: 'e6c2a7b08950a413813543e7ed092e0d') in 0.031351 seconds 
========================================================================
Received Import Request.
  Time since last request: 0.000043 seconds.
  path: Assets/_Assets/Annika/Rooms & Assets/Materials/Dashboard/2/Pin.Part2_Base_color.png
  artifactKey: Guid(e08b8e45ecbf2574f8545be10e74fb6f) Importer(815301076,1909f56bfc062723c751e8b465ee728b)
Start importing Assets/_Assets/Annika/Rooms & Assets/Materials/Dashboard/2/Pin.Part2_Base_color.png using Guid(e08b8e45ecbf2574f8545be10e74fb6f) Importer(815301076,1909f56bfc062723c751e8b465ee728b)  -> (artifact id: '5f2d18d632971c166630f0d832ecf106') in 0.013869 seconds 
========================================================================
Received Import Request.
  Time since last request: 10.799819 seconds.
  path: Assets/_Assets/Annika/Rooms & Assets/Materials/Dashboard/2/New Material.mat
  artifactKey: Guid(75eebf8aac906bc488b4f27a0fc43b44) Importer(815301076,1909f56bfc062723c751e8b465ee728b)
Start importing Assets/_Assets/Annika/Rooms & Assets/Materials/Dashboard/2/New Material.mat using Guid(75eebf8aac906bc488b4f27a0fc43b44) Importer(815301076,1909f56bfc062723c751e8b465ee728b)  -> (artifact id: '3c42d19c9479cbce86e0813a4ba6a183') in 0.012543 seconds 
========================================================================
Received Import Request.
  Time since last request: 41.778901 seconds.
  path: Assets/_Assets/Annika/Rooms & Assets/Materials/Dashboard/2/New Material 1.mat
  artifactKey: Guid(1ce3a69727ae01b4c8bf407e905ad3cf) Importer(815301076,1909f56bfc062723c751e8b465ee728b)
Start importing Assets/_Assets/Annika/Rooms & Assets/Materials/Dashboard/2/New Material 1.mat using Guid(1ce3a69727ae01b4c8bf407e905ad3cf) Importer(815301076,1909f56bfc062723c751e8b465ee728b)  -> (artifact id: '46af5766e98f8f83477dc0e8bd494d12') in 0.019309 seconds 
========================================================================
Received Import Request.
  Time since last request: 26.941023 seconds.
  path: Assets/_Assets/Annika/Rooms & Assets/Materials/Dashboard/2/New Material 1.mat
  artifactKey: Guid(1ce3a69727ae01b4c8bf407e905ad3cf) Importer(815301076,1909f56bfc062723c751e8b465ee728b)
Start importing Assets/_Assets/Annika/Rooms & Assets/Materials/Dashboard/2/New Material 1.mat using Guid(1ce3a69727ae01b4c8bf407e905ad3cf) Importer(815301076,1909f56bfc062723c751e8b465ee728b)  -> (artifact id: '0f502ca6ec399e54eb958f2e24825e18') in 0.012601 seconds 
========================================================================
Received Import Request.
  Time since last request: 92.168160 seconds.
  path: Assets/_Assets/Annika/Rooms & Assets/Materials/Dashboard/2/Dashboard.mat
  artifactKey: Guid(75eebf8aac906bc488b4f27a0fc43b44) Importer(815301076,1909f56bfc062723c751e8b465ee728b)
Start importing Assets/_Assets/Annika/Rooms & Assets/Materials/Dashboard/2/Dashboard.mat using Guid(75eebf8aac906bc488b4f27a0fc43b44) Importer(815301076,1909f56bfc062723c751e8b465ee728b)  -> (artifact id: '9ecbd7a560e39fd5353d5cb762bfd5dc') in 0.012691 seconds 
========================================================================
Received Import Request.
  Time since last request: 16.482139 seconds.
  path: Assets/_Assets/Annika/Rooms & Assets/Materials/Dashboard/2/Door.mat
  artifactKey: Guid(1ce3a69727ae01b4c8bf407e905ad3cf) Importer(815301076,1909f56bfc062723c751e8b465ee728b)
Start importing Assets/_Assets/Annika/Rooms & Assets/Materials/Dashboard/2/Door.mat using Guid(1ce3a69727ae01b4c8bf407e905ad3cf) Importer(815301076,1909f56bfc062723c751e8b465ee728b)  -> (artifact id: 'f8d973849e917cc01ad2bdebcfd56039') in 0.020634 seconds 
========================================================================
Received Import Request.
  Time since last request: 4.570574 seconds.
  path: Assets/_Assets/Annika/Rooms & Assets/Materials/Dashboard/2/Door2.mat
  artifactKey: Guid(b83d1e974e23b254c9291a95830b0647) Importer(815301076,1909f56bfc062723c751e8b465ee728b)
Start importing Assets/_Assets/Annika/Rooms & Assets/Materials/Dashboard/2/Door2.mat using Guid(b83d1e974e23b254c9291a95830b0647) Importer(815301076,1909f56bfc062723c751e8b465ee728b)  -> (artifact id: '90c7c50425e4717a3a9187caae5103f1') in 0.018911 seconds 
========================================================================
Received Import Request.
  Time since last request: 324.469130 seconds.
  path: Assets/_Assets/Annika/Rooms & Assets/Bridge/Stickers/Decals/CoffeeStain.mat
  artifactKey: Guid(7ee4c4a35f7dd9e4588500aaebfbf753) Importer(815301076,1909f56bfc062723c751e8b465ee728b)
Start importing Assets/_Assets/Annika/Rooms & Assets/Bridge/Stickers/Decals/CoffeeStain.mat using Guid(7ee4c4a35f7dd9e4588500aaebfbf753) Importer(815301076,1909f56bfc062723c751e8b465ee728b)  -> (artifact id: 'dcd0548d5a853dc5fd779f78adad2d1a') in 0.040851 seconds 
========================================================================
Received Import Request.
  Time since last request: 27.616119 seconds.
  path: Assets/_Assets/Veera/Materials/Ship/BridgeExterior.mat
  artifactKey: Guid(d4c5bf1592967d94c9a9061ef38cf703) Importer(815301076,1909f56bfc062723c751e8b465ee728b)
Start importing Assets/_Assets/Veera/Materials/Ship/BridgeExterior.mat using Guid(d4c5bf1592967d94c9a9061ef38cf703) Importer(815301076,1909f56bfc062723c751e8b465ee728b)  -> (artifact id: 'ea3284d57eae04a7b45a54abae0c7830') in 0.025500 seconds 
========================================================================
Received Import Request.
  Time since last request: 0.000036 seconds.
  path: Assets/_Assets/Veera/Materials/Ship/WoodenDoor.mat
  artifactKey: Guid(4853446488b5a394f96fa72c0d4856c7) Importer(815301076,1909f56bfc062723c751e8b465ee728b)
Start importing Assets/_Assets/Veera/Materials/Ship/WoodenDoor.mat using Guid(4853446488b5a394f96fa72c0d4856c7) Importer(815301076,1909f56bfc062723c751e8b465ee728b)  -> (artifact id: '646856ac92df0e6e859991fac58f7e5f') in 0.027592 seconds 
========================================================================
Received Import Request.
  Time since last request: 0.000035 seconds.
  path: Assets/_Assets/Veera/Materials/Ship/KitchenQuartersWalls.mat
  artifactKey: Guid(46349cb97fa7a7649af9aabb99403969) Importer(815301076,1909f56bfc062723c751e8b465ee728b)
Start importing Assets/_Assets/Veera/Materials/Ship/KitchenQuartersWalls.mat using Guid(46349cb97fa7a7649af9aabb99403969) Importer(815301076,1909f56bfc062723c751e8b465ee728b)  -> (artifact id: 'a5d30584b959cf9a7fcb55bc172c148c') in 0.021216 seconds 
========================================================================
Received Import Request.
  Time since last request: 0.000055 seconds.
  path: Assets/_Assets/Veera/Materials/Ship/Floor_Kitchen.mat
  artifactKey: Guid(f2b39d4f146a3d94197b8ede64d8d0cc) Importer(815301076,1909f56bfc062723c751e8b465ee728b)
Start importing Assets/_Assets/Veera/Materials/Ship/Floor_Kitchen.mat using Guid(f2b39d4f146a3d94197b8ede64d8d0cc) Importer(815301076,1909f56bfc062723c751e8b465ee728b)  -> (artifact id: '25a4171822f36b5e096d1ea3e7564eb5') in 0.022834 seconds 
========================================================================
Received Import Request.
  Time since last request: 17.691702 seconds.
  path: Assets/_Assets/Veera/Models/Boat_Base_Unwrapped 1.fbx
  artifactKey: Guid(93becfce91d98c047b03c9dc6fc4bbf3) Importer(815301076,1909f56bfc062723c751e8b465ee728b)
Start importing Assets/_Assets/Veera/Models/Boat_Base_Unwrapped 1.fbx using Guid(93becfce91d98c047b03c9dc6fc4bbf3) Importer(815301076,1909f56bfc062723c751e8b465ee728b)  -> (artifact id: 'c5d219667a569782eb9fbc2074589b4d') in 0.048449 seconds 
========================================================================
Received Import Request.
  Time since last request: 0.000030 seconds.
  path: Assets/_Assets/Veera/Models/PowerLines.fbx
  artifactKey: Guid(8823217abcb6e824589b9f0da656ce5e) Importer(815301076,1909f56bfc062723c751e8b465ee728b)
Start importing Assets/_Assets/Veera/Models/PowerLines.fbx using Guid(8823217abcb6e824589b9f0da656ce5e) Importer(815301076,1909f56bfc062723c751e8b465ee728b)  -> (artifact id: '7b1c25381c01d052cccdd2388fc12bee') in 0.118280 seconds 
========================================================================
Received Import Request.
  Time since last request: 12023.383850 seconds.
  path: Assets/_Assets/Annika/Rooms & Assets/AnnikanPrefabs/Cigarette1.prefab
  artifactKey: Guid(892a1a62246280a4b9035f7ac08887af) Importer(815301076,1909f56bfc062723c751e8b465ee728b)
Start importing Assets/_Assets/Annika/Rooms & Assets/AnnikanPrefabs/Cigarette1.prefab using Guid(892a1a62246280a4b9035f7ac08887af) Importer(815301076,1909f56bfc062723c751e8b465ee728b)  -> (artifact id: 'c4186be6fc51ce40c524ca0693184582') in 0.045673 seconds 
========================================================================
Received Import Request.
  Time since last request: 19.516843 seconds.
  path: Assets/_Assets/Annika/Rooms & Assets/AnnikanPrefabs/Cigarette1.prefab
  artifactKey: Guid(892a1a62246280a4b9035f7ac08887af) Importer(815301076,1909f56bfc062723c751e8b465ee728b)
Start importing Assets/_Assets/Annika/Rooms & Assets/AnnikanPrefabs/Cigarette1.prefab using Guid(892a1a62246280a4b9035f7ac08887af) Importer(815301076,1909f56bfc062723c751e8b465ee728b)  -> (artifact id: '580a9e22649a3eb3a3fbf0a24cd6123b') in 0.014156 seconds 
========================================================================
Received Import Request.
  Time since last request: 3.309472 seconds.
  path: Assets/_Assets/Annika/Rooms & Assets/AnnikanPrefabs/Cigarette1.prefab
  artifactKey: Guid(892a1a62246280a4b9035f7ac08887af) Importer(815301076,1909f56bfc062723c751e8b465ee728b)
Start importing Assets/_Assets/Annika/Rooms & Assets/AnnikanPrefabs/Cigarette1.prefab using Guid(892a1a62246280a4b9035f7ac08887af) Importer(815301076,1909f56bfc062723c751e8b465ee728b)  -> (artifact id: '6e945b52bee3db52f7dc11e301d39e21') in 0.014058 seconds 
========================================================================
Received Import Request.
  Time since last request: 2.293272 seconds.
  path: Assets/_Assets/Annika/Rooms & Assets/AnnikanPrefabs/Cigarette1.prefab
  artifactKey: Guid(892a1a62246280a4b9035f7ac08887af) Importer(815301076,1909f56bfc062723c751e8b465ee728b)
Start importing Assets/_Assets/Annika/Rooms & Assets/AnnikanPrefabs/Cigarette1.prefab using Guid(892a1a62246280a4b9035f7ac08887af) Importer(815301076,1909f56bfc062723c751e8b465ee728b)  -> (artifact id: '320ea39ce64848d9d842ce8a8aae0edc') in 0.013070 seconds 
========================================================================
Received Import Request.
  Time since last request: 3.513011 seconds.
  path: Assets/_Assets/Annika/Rooms & Assets/AnnikanPrefabs/Cigarette1.prefab
  artifactKey: Guid(892a1a62246280a4b9035f7ac08887af) Importer(815301076,1909f56bfc062723c751e8b465ee728b)
Start importing Assets/_Assets/Annika/Rooms & Assets/AnnikanPrefabs/Cigarette1.prefab using Guid(892a1a62246280a4b9035f7ac08887af) Importer(815301076,1909f56bfc062723c751e8b465ee728b)  -> (artifact id: 'b3799031e4e05f17981d80f0da283db4') in 0.013611 seconds 
========================================================================
Received Import Request.
  Time since last request: 11.013024 seconds.
  path: Assets/_Assets/Annika/Rooms & Assets/AnnikanPrefabs/Cigarette1.prefab
  artifactKey: Guid(892a1a62246280a4b9035f7ac08887af) Importer(815301076,1909f56bfc062723c751e8b465ee728b)
Start importing Assets/_Assets/Annika/Rooms & Assets/AnnikanPrefabs/Cigarette1.prefab using Guid(892a1a62246280a4b9035f7ac08887af) Importer(815301076,1909f56bfc062723c751e8b465ee728b)  -> (artifact id: '4ec6b482fb5b21158234ac01a0f29b9a') in 0.013440 seconds 
========================================================================
Received Import Request.
  Time since last request: 2.690561 seconds.
  path: Assets/_Assets/Annika/Rooms & Assets/AnnikanPrefabs/Cigarette1.prefab
  artifactKey: Guid(892a1a62246280a4b9035f7ac08887af) Importer(815301076,1909f56bfc062723c751e8b465ee728b)
Start importing Assets/_Assets/Annika/Rooms & Assets/AnnikanPrefabs/Cigarette1.prefab using Guid(892a1a62246280a4b9035f7ac08887af) Importer(815301076,1909f56bfc062723c751e8b465ee728b)  -> (artifact id: 'd0fc8b80093ab2ca8ef222c000a67d2c') in 0.013117 seconds 
========================================================================
Received Import Request.
  Time since last request: 4.322347 seconds.
  path: Assets/_Assets/Annika/Rooms & Assets/AnnikanPrefabs/Cigarette1.prefab
  artifactKey: Guid(892a1a62246280a4b9035f7ac08887af) Importer(815301076,1909f56bfc062723c751e8b465ee728b)
Start importing Assets/_Assets/Annika/Rooms & Assets/AnnikanPrefabs/Cigarette1.prefab using Guid(892a1a62246280a4b9035f7ac08887af) Importer(815301076,1909f56bfc062723c751e8b465ee728b)  -> (artifact id: '63b749d0a95493e832ab173d9c5f192a') in 0.013730 seconds 
========================================================================
Received Import Request.
  Time since last request: 93.149352 seconds.
  path: Assets/_Assets/Annika/Rooms & Assets/AnnikanPrefabs/Cigarette1.prefab
  artifactKey: Guid(892a1a62246280a4b9035f7ac08887af) Importer(815301076,1909f56bfc062723c751e8b465ee728b)
Start importing Assets/_Assets/Annika/Rooms & Assets/AnnikanPrefabs/Cigarette1.prefab using Guid(892a1a62246280a4b9035f7ac08887af) Importer(815301076,1909f56bfc062723c751e8b465ee728b)  -> (artifact id: '17c83a77bbd59e1d58889783d0c23797') in 0.014563 seconds 
========================================================================
Received Import Request.
  Time since last request: 8.162648 seconds.
  path: Assets/_Assets/Annika/Rooms & Assets/AnnikanPrefabs/Cigarette1.prefab
  artifactKey: Guid(892a1a62246280a4b9035f7ac08887af) Importer(815301076,1909f56bfc062723c751e8b465ee728b)
Start importing Assets/_Assets/Annika/Rooms & Assets/AnnikanPrefabs/Cigarette1.prefab using Guid(892a1a62246280a4b9035f7ac08887af) Importer(815301076,1909f56bfc062723c751e8b465ee728b)  -> (artifact id: 'b2f1842c6e3d138de1c3ec31db5c0cdb') in 0.015234 seconds 
========================================================================
Received Import Request.
  Time since last request: 7.775079 seconds.
  path: Assets/_Assets/Annika/Rooms & Assets/AnnikanPrefabs/Cigarette1.prefab
  artifactKey: Guid(892a1a62246280a4b9035f7ac08887af) Importer(815301076,1909f56bfc062723c751e8b465ee728b)
Start importing Assets/_Assets/Annika/Rooms & Assets/AnnikanPrefabs/Cigarette1.prefab using Guid(892a1a62246280a4b9035f7ac08887af) Importer(815301076,1909f56bfc062723c751e8b465ee728b)  -> (artifact id: 'a85b4b1099544a0aed7cffe6ffcf7d08') in 0.014322 seconds 
========================================================================
Received Import Request.
  Time since last request: 5.121123 seconds.
  path: Assets/_Assets/Annika/Rooms & Assets/AnnikanPrefabs/Cigarette1.prefab
  artifactKey: Guid(892a1a62246280a4b9035f7ac08887af) Importer(815301076,1909f56bfc062723c751e8b465ee728b)
Start importing Assets/_Assets/Annika/Rooms & Assets/AnnikanPrefabs/Cigarette1.prefab using Guid(892a1a62246280a4b9035f7ac08887af) Importer(815301076,1909f56bfc062723c751e8b465ee728b)  -> (artifact id: '44b20ea90dbca7403357e15c7a31c69a') in 0.012914 seconds 
========================================================================
Received Import Request.
  Time since last request: 1.476807 seconds.
  path: Assets/_Assets/Annika/Rooms & Assets/AnnikanPrefabs/Cigarette1.prefab
  artifactKey: Guid(892a1a62246280a4b9035f7ac08887af) Importer(815301076,1909f56bfc062723c751e8b465ee728b)
Start importing Assets/_Assets/Annika/Rooms & Assets/AnnikanPrefabs/Cigarette1.prefab using Guid(892a1a62246280a4b9035f7ac08887af) Importer(815301076,1909f56bfc062723c751e8b465ee728b)  -> (artifact id: '76fc462f75039edfb3c7a7fb02d2e476') in 0.012444 seconds 
========================================================================
Received Import Request.
  Time since last request: 2.326903 seconds.
  path: Assets/_Assets/Annika/Rooms & Assets/AnnikanPrefabs/Cigarette1.prefab
  artifactKey: Guid(892a1a62246280a4b9035f7ac08887af) Importer(815301076,1909f56bfc062723c751e8b465ee728b)
Start importing Assets/_Assets/Annika/Rooms & Assets/AnnikanPrefabs/Cigarette1.prefab using Guid(892a1a62246280a4b9035f7ac08887af) Importer(815301076,1909f56bfc062723c751e8b465ee728b)  -> (artifact id: '02d5c29db58f99daf9133bd6151ca107') in 0.017171 seconds 
========================================================================
Received Import Request.
  Time since last request: 58.132199 seconds.
  path: Assets/_Assets/Annika/Rooms & Assets/AnnikanPrefabs/Cigarette1.prefab
  artifactKey: Guid(892a1a62246280a4b9035f7ac08887af) Importer(815301076,1909f56bfc062723c751e8b465ee728b)
Start importing Assets/_Assets/Annika/Rooms & Assets/AnnikanPrefabs/Cigarette1.prefab using Guid(892a1a62246280a4b9035f7ac08887af) Importer(815301076,1909f56bfc062723c751e8b465ee728b)  -> (artifact id: 'd949eff68af86142881987cc8b5a566a') in 0.013335 seconds 
========================================================================
Received Import Request.
  Time since last request: 9.404087 seconds.
  path: Assets/_Assets/Annika/Rooms & Assets/AnnikanPrefabs/Cigarette1.prefab
  artifactKey: Guid(892a1a62246280a4b9035f7ac08887af) Importer(815301076,1909f56bfc062723c751e8b465ee728b)
Start importing Assets/_Assets/Annika/Rooms & Assets/AnnikanPrefabs/Cigarette1.prefab using Guid(892a1a62246280a4b9035f7ac08887af) Importer(815301076,1909f56bfc062723c751e8b465ee728b)  -> (artifact id: '501310ade613fee5e9f18fccd649afa3') in 0.013321 seconds 
========================================================================
Received Import Request.
  Time since last request: 1.106238 seconds.
  path: Assets/_Assets/Annika/Rooms & Assets/AnnikanPrefabs/Cigarette1.prefab
  artifactKey: Guid(892a1a62246280a4b9035f7ac08887af) Importer(815301076,1909f56bfc062723c751e8b465ee728b)
Start importing Assets/_Assets/Annika/Rooms & Assets/AnnikanPrefabs/Cigarette1.prefab using Guid(892a1a62246280a4b9035f7ac08887af) Importer(815301076,1909f56bfc062723c751e8b465ee728b)  -> (artifact id: 'ef5adcf38b909176b7f3688c6c267ae5') in 0.012721 seconds 
========================================================================
Received Import Request.
  Time since last request: 3.516332 seconds.
  path: Assets/_Assets/Annika/Rooms & Assets/AnnikanPrefabs/Cigarette1.prefab
  artifactKey: Guid(892a1a62246280a4b9035f7ac08887af) Importer(815301076,1909f56bfc062723c751e8b465ee728b)
Start importing Assets/_Assets/Annika/Rooms & Assets/AnnikanPrefabs/Cigarette1.prefab using Guid(892a1a62246280a4b9035f7ac08887af) Importer(815301076,1909f56bfc062723c751e8b465ee728b)  -> (artifact id: 'f0dd7ab9fd6f758c03c47eff272d5e3b') in 0.013080 seconds 
========================================================================
Received Import Request.
  Time since last request: 1.093186 seconds.
  path: Assets/_Assets/Annika/Rooms & Assets/AnnikanPrefabs/Cigarette1.prefab
  artifactKey: Guid(892a1a62246280a4b9035f7ac08887af) Importer(815301076,1909f56bfc062723c751e8b465ee728b)
Start importing Assets/_Assets/Annika/Rooms & Assets/AnnikanPrefabs/Cigarette1.prefab using Guid(892a1a62246280a4b9035f7ac08887af) Importer(815301076,1909f56bfc062723c751e8b465ee728b)  -> (artifact id: 'a86e4e0fd2e49180654507c5c81268ec') in 0.015640 seconds 
========================================================================
Received Import Request.
  Time since last request: 4.729018 seconds.
  path: Assets/_Assets/Annika/Rooms & Assets/AnnikanPrefabs/Cigarette1.prefab
  artifactKey: Guid(892a1a62246280a4b9035f7ac08887af) Importer(815301076,1909f56bfc062723c751e8b465ee728b)
Start importing Assets/_Assets/Annika/Rooms & Assets/AnnikanPrefabs/Cigarette1.prefab using Guid(892a1a62246280a4b9035f7ac08887af) Importer(815301076,1909f56bfc062723c751e8b465ee728b)  -> (artifact id: 'b0509477527b8f28dd615fbf6d8f58b3') in 0.013014 seconds 
========================================================================
Received Import Request.
  Time since last request: 5.738801 seconds.
  path: Assets/_Assets/Annika/Rooms & Assets/AnnikanPrefabs/Cigarette1.prefab
  artifactKey: Guid(892a1a62246280a4b9035f7ac08887af) Importer(815301076,1909f56bfc062723c751e8b465ee728b)
Start importing Assets/_Assets/Annika/Rooms & Assets/AnnikanPrefabs/Cigarette1.prefab using Guid(892a1a62246280a4b9035f7ac08887af) Importer(815301076,1909f56bfc062723c751e8b465ee728b)  -> (artifact id: '89733d3a828d5d2db1436ea61bb05445') in 0.013320 seconds 
========================================================================
Received Import Request.
  Time since last request: 11.989926 seconds.
  path: Assets/_Assets/Annika/Rooms & Assets/AnnikanPrefabs/Cigarette1.prefab
  artifactKey: Guid(892a1a62246280a4b9035f7ac08887af) Importer(815301076,1909f56bfc062723c751e8b465ee728b)
Start importing Assets/_Assets/Annika/Rooms & Assets/AnnikanPrefabs/Cigarette1.prefab using Guid(892a1a62246280a4b9035f7ac08887af) Importer(815301076,1909f56bfc062723c751e8b465ee728b)  -> (artifact id: '276fb45f4a4b4d0d822bb76f1e90f0cb') in 0.014505 seconds 
========================================================================
Received Import Request.
  Time since last request: 2.895108 seconds.
  path: Assets/_Assets/Annika/Rooms & Assets/AnnikanPrefabs/Cigarette1.prefab
  artifactKey: Guid(892a1a62246280a4b9035f7ac08887af) Importer(815301076,1909f56bfc062723c751e8b465ee728b)
Start importing Assets/_Assets/Annika/Rooms & Assets/AnnikanPrefabs/Cigarette1.prefab using Guid(892a1a62246280a4b9035f7ac08887af) Importer(815301076,1909f56bfc062723c751e8b465ee728b)  -> (artifact id: '331cb33e2e12dc731413fb9ce868a30e') in 0.013108 seconds 
========================================================================
Received Import Request.
  Time since last request: 0.909319 seconds.
  path: Assets/_Assets/Annika/Rooms & Assets/AnnikanPrefabs/Cigarette1.prefab
  artifactKey: Guid(892a1a62246280a4b9035f7ac08887af) Importer(815301076,1909f56bfc062723c751e8b465ee728b)
Start importing Assets/_Assets/Annika/Rooms & Assets/AnnikanPrefabs/Cigarette1.prefab using Guid(892a1a62246280a4b9035f7ac08887af) Importer(815301076,1909f56bfc062723c751e8b465ee728b)  -> (artifact id: '45257b010d58e334108cd582ffca847a') in 0.015006 seconds 
========================================================================
Received Import Request.
  Time since last request: 1.083180 seconds.
  path: Assets/_Assets/Annika/Rooms & Assets/AnnikanPrefabs/Cigarette1.prefab
  artifactKey: Guid(892a1a62246280a4b9035f7ac08887af) Importer(815301076,1909f56bfc062723c751e8b465ee728b)
Start importing Assets/_Assets/Annika/Rooms & Assets/AnnikanPrefabs/Cigarette1.prefab using Guid(892a1a62246280a4b9035f7ac08887af) Importer(815301076,1909f56bfc062723c751e8b465ee728b)  -> (artifact id: '7b8ee0a7e0ac31a7e3368d75c2684b09') in 0.013854 seconds 
========================================================================
Received Import Request.
  Time since last request: 4.115723 seconds.
  path: Assets/_Assets/Annika/Rooms & Assets/AnnikanPrefabs/Cigarette1.prefab
  artifactKey: Guid(892a1a62246280a4b9035f7ac08887af) Importer(815301076,1909f56bfc062723c751e8b465ee728b)
Start importing Assets/_Assets/Annika/Rooms & Assets/AnnikanPrefabs/Cigarette1.prefab using Guid(892a1a62246280a4b9035f7ac08887af) Importer(815301076,1909f56bfc062723c751e8b465ee728b)  -> (artifact id: '7a397ca39589dca84fe24ae50cff50bf') in 0.012745 seconds 
========================================================================
Received Import Request.
  Time since last request: 7.766103 seconds.
  path: Assets/_Assets/Annika/Rooms & Assets/AnnikanPrefabs/Cigarette1.prefab
  artifactKey: Guid(892a1a62246280a4b9035f7ac08887af) Importer(815301076,1909f56bfc062723c751e8b465ee728b)
Start importing Assets/_Assets/Annika/Rooms & Assets/AnnikanPrefabs/Cigarette1.prefab using Guid(892a1a62246280a4b9035f7ac08887af) Importer(815301076,1909f56bfc062723c751e8b465ee728b)  -> (artifact id: '401c39ccb87f4669cca0e745952d687b') in 0.014404 seconds 
========================================================================
Received Import Request.
  Time since last request: 3.908463 seconds.
  path: Assets/_Assets/Annika/Rooms & Assets/AnnikanPrefabs/Cigarette1.prefab
  artifactKey: Guid(892a1a62246280a4b9035f7ac08887af) Importer(815301076,1909f56bfc062723c751e8b465ee728b)
Start importing Assets/_Assets/Annika/Rooms & Assets/AnnikanPrefabs/Cigarette1.prefab using Guid(892a1a62246280a4b9035f7ac08887af) Importer(815301076,1909f56bfc062723c751e8b465ee728b)  -> (artifact id: '142b94d13bc07c5719f49e4472308a16') in 0.012885 seconds 
========================================================================
Received Import Request.
  Time since last request: 2.901734 seconds.
  path: Assets/_Assets/Annika/Rooms & Assets/AnnikanPrefabs/Cigarette1.prefab
  artifactKey: Guid(892a1a62246280a4b9035f7ac08887af) Importer(815301076,1909f56bfc062723c751e8b465ee728b)
Start importing Assets/_Assets/Annika/Rooms & Assets/AnnikanPrefabs/Cigarette1.prefab using Guid(892a1a62246280a4b9035f7ac08887af) Importer(815301076,1909f56bfc062723c751e8b465ee728b)  -> (artifact id: '4519c3e6f4c15a47d0f6b2fb565fa635') in 0.014198 seconds 
========================================================================
Received Import Request.
  Time since last request: 4.305536 seconds.
  path: Assets/_Assets/Annika/Rooms & Assets/AnnikanPrefabs/Cigarette1.prefab
  artifactKey: Guid(892a1a62246280a4b9035f7ac08887af) Importer(815301076,1909f56bfc062723c751e8b465ee728b)
Start importing Assets/_Assets/Annika/Rooms & Assets/AnnikanPrefabs/Cigarette1.prefab using Guid(892a1a62246280a4b9035f7ac08887af) Importer(815301076,1909f56bfc062723c751e8b465ee728b)  -> (artifact id: '86a28da1834bd09a4b960c4bf2f080ac') in 0.013765 seconds 
========================================================================
Received Import Request.
  Time since last request: 58.134510 seconds.
  path: Assets/_Assets/Annika/Rooms & Assets/AnnikanPrefabs/Cigarette1.prefab
  artifactKey: Guid(892a1a62246280a4b9035f7ac08887af) Importer(815301076,1909f56bfc062723c751e8b465ee728b)
Start importing Assets/_Assets/Annika/Rooms & Assets/AnnikanPrefabs/Cigarette1.prefab using Guid(892a1a62246280a4b9035f7ac08887af) Importer(815301076,1909f56bfc062723c751e8b465ee728b)  -> (artifact id: '69a9947e676abeff3ba10f569aee81f9') in 0.015936 seconds 
